{"/Users/bernardobelfort/Downloads/cadus-facil-login-main/playwright-fixture.ts": {"path":"/Users/bernardobelfort/Downloads/cadus-facil-login-main/playwright-fixture.ts","all":true,"statementMap":{"0":{"start":{"line":1,"column":0},"end":{"line":1,"column":46}},"1":{"start":{"line":2,"column":0},"end":{"line":2,"column":48}}},"s":{"0":0,"1":0},"branchMap":{"0":{"type":"branch","line":1,"loc":{"start":{"line":1,"column":167},"end":{"line":3,"column":71}},"locations":[{"start":{"line":1,"column":167},"end":{"line":3,"column":71}}]}},"b":{"0":[0]},"fnMap":{"0":{"name":"(empty-report)","decl":{"start":{"line":1,"column":167},"end":{"line":3,"column":71}},"loc":{"start":{"line":1,"column":167},"end":{"line":3,"column":71}},"line":1}},"f":{"0":0}}
,"/Users/bernardobelfort/Downloads/cadus-facil-login-main/playwright.config.ts": {"path":"/Users/bernardobelfort/Downloads/cadus-facil-login-main/playwright.config.ts","all":true,"statementMap":{"0":{"start":{"line":1,"column":0},"end":{"line":1,"column":77}},"2":{"start":{"line":3,"column":0},"end":{"line":3,"column":36}},"9":{"start":{"line":10,"column":0},"end":{"line":10,"column":3}}},"s":{"0":0,"2":0,"9":0},"branchMap":{"0":{"type":"branch","line":1,"loc":{"start":{"line":1,"column":276},"end":{"line":10,"column":3}},"locations":[{"start":{"line":1,"column":276},"end":{"line":10,"column":3}}]}},"b":{"0":[0]},"fnMap":{"0":{"name":"(empty-report)","decl":{"start":{"line":1,"column":276},"end":{"line":10,"column":3}},"loc":{"start":{"line":1,"column":276},"end":{"line":10,"column":3}},"line":1}},"f":{"0":0}}
,"/Users/bernardobelfort/Downloads/cadus-facil-login-main/postcss.config.js": {"path":"/Users/bernardobelfort/Downloads/cadus-facil-login-main/postcss.config.js","all":true,"statementMap":{"0":{"start":{"line":1,"column":0},"end":{"line":1,"column":16}},"1":{"start":{"line":2,"column":0},"end":{"line":2,"column":12}},"2":{"start":{"line":3,"column":0},"end":{"line":3,"column":20}},"3":{"start":{"line":4,"column":0},"end":{"line":4,"column":21}},"4":{"start":{"line":5,"column":0},"end":{"line":5,"column":4}},"5":{"start":{"line":6,"column":0},"end":{"line":6,"column":2}}},"s":{"0":0,"1":0,"2":0,"3":0,"4":0,"5":0},"branchMap":{"0":{"type":"branch","line":1,"loc":{"start":{"line":1,"column":0},"end":{"line":6,"column":-11}},"locations":[{"start":{"line":1,"column":0},"end":{"line":6,"column":-11}}]}},"b":{"0":[0]},"fnMap":{"0":{"name":"(empty-report)","decl":{"start":{"line":1,"column":0},"end":{"line":6,"column":-11}},"loc":{"start":{"line":1,"column":0},"end":{"line":6,"column":-11}},"line":1}},"f":{"0":0}}
,"/Users/bernardobelfort/Downloads/cadus-facil-login-main/tailwind.config.ts": {"path":"/Users/bernardobelfort/Downloads/cadus-facil-login-main/tailwind.config.ts","all":true,"statementMap":{"2":{"start":{"line":3,"column":0},"end":{"line":3,"column":16}},"3":{"start":{"line":4,"column":0},"end":{"line":4,"column":22}},"4":{"start":{"line":5,"column":0},"end":{"line":5,"column":113}},"5":{"start":{"line":6,"column":0},"end":{"line":6,"column":13}},"6":{"start":{"line":7,"column":0},"end":{"line":7,"column":10}},"7":{"start":{"line":8,"column":0},"end":{"line":8,"column":16}},"8":{"start":{"line":9,"column":0},"end":{"line":9,"column":19}},"9":{"start":{"line":10,"column":0},"end":{"line":10,"column":16}},"10":{"start":{"line":11,"column":0},"end":{"line":11,"column":24}},"11":{"start":{"line":12,"column":0},"end":{"line":12,"column":22}},"12":{"start":{"line":13,"column":0},"end":{"line":13,"column":21}},"13":{"start":{"line":14,"column":0},"end":{"line":14,"column":8}},"14":{"start":{"line":15,"column":0},"end":{"line":15,"column":16}},"15":{"start":{"line":16,"column":0},"end":{"line":16,"column":24}},"16":{"start":{"line":17,"column":0},"end":{"line":17,"column":8}},"17":{"start":{"line":18,"column":0},"end":{"line":18,"column":6}},"18":{"start":{"line":19,"column":0},"end":{"line":19,"column":13}},"19":{"start":{"line":20,"column":0},"end":{"line":20,"column":19}},"20":{"start":{"line":21,"column":0},"end":{"line":21,"column":55}},"21":{"start":{"line":22,"column":0},"end":{"line":22,"column":38}},"22":{"start":{"line":23,"column":0},"end":{"line":23,"column":8}},"23":{"start":{"line":24,"column":0},"end":{"line":24,"column":19}},"24":{"start":{"line":25,"column":0},"end":{"line":25,"column":21}},"25":{"start":{"line":26,"column":0},"end":{"line":26,"column":21}},"26":{"start":{"line":27,"column":0},"end":{"line":27,"column":21}},"27":{"start":{"line":28,"column":0},"end":{"line":28,"column":21}},"28":{"start":{"line":29,"column":0},"end":{"line":29,"column":21}},"29":{"start":{"line":30,"column":0},"end":{"line":30,"column":8}},"30":{"start":{"line":31,"column":0},"end":{"line":31,"column":15}},"31":{"start":{"line":32,"column":0},"end":{"line":32,"column":37}},"32":{"start":{"line":33,"column":0},"end":{"line":33,"column":35}},"33":{"start":{"line":34,"column":0},"end":{"line":34,"column":33}},"34":{"start":{"line":35,"column":0},"end":{"line":35,"column":45}},"35":{"start":{"line":36,"column":0},"end":{"line":36,"column":45}},"36":{"start":{"line":37,"column":0},"end":{"line":37,"column":18}},"37":{"start":{"line":38,"column":0},"end":{"line":38,"column":41}},"38":{"start":{"line":39,"column":0},"end":{"line":39,"column":55}},"39":{"start":{"line":40,"column":0},"end":{"line":40,"column":10}},"40":{"start":{"line":41,"column":0},"end":{"line":41,"column":20}},"41":{"start":{"line":42,"column":0},"end":{"line":42,"column":43}},"42":{"start":{"line":43,"column":0},"end":{"line":43,"column":57}},"43":{"start":{"line":44,"column":0},"end":{"line":44,"column":10}},"44":{"start":{"line":45,"column":0},"end":{"line":45,"column":22}},"45":{"start":{"line":46,"column":0},"end":{"line":46,"column":45}},"46":{"start":{"line":47,"column":0},"end":{"line":47,"column":59}},"47":{"start":{"line":48,"column":0},"end":{"line":48,"column":10}},"48":{"start":{"line":49,"column":0},"end":{"line":49,"column":18}},"49":{"start":{"line":50,"column":0},"end":{"line":50,"column":41}},"50":{"start":{"line":51,"column":0},"end":{"line":51,"column":55}},"51":{"start":{"line":52,"column":0},"end":{"line":52,"column":10}},"52":{"start":{"line":53,"column":0},"end":{"line":53,"column":43}},"53":{"start":{"line":54,"column":0},"end":{"line":54,"column":16}},"54":{"start":{"line":55,"column":0},"end":{"line":55,"column":39}},"55":{"start":{"line":56,"column":0},"end":{"line":56,"column":53}},"56":{"start":{"line":57,"column":0},"end":{"line":57,"column":10}},"57":{"start":{"line":58,"column":0},"end":{"line":58,"column":17}},"58":{"start":{"line":59,"column":0},"end":{"line":59,"column":40}},"59":{"start":{"line":60,"column":0},"end":{"line":60,"column":54}},"60":{"start":{"line":61,"column":0},"end":{"line":61,"column":10}},"61":{"start":{"line":62,"column":0},"end":{"line":62,"column":18}},"62":{"start":{"line":63,"column":0},"end":{"line":63,"column":41}},"63":{"start":{"line":64,"column":0},"end":{"line":64,"column":55}},"64":{"start":{"line":65,"column":0},"end":{"line":65,"column":10}},"65":{"start":{"line":66,"column":0},"end":{"line":66,"column":15}},"66":{"start":{"line":67,"column":0},"end":{"line":67,"column":38}},"67":{"start":{"line":68,"column":0},"end":{"line":68,"column":52}},"68":{"start":{"line":69,"column":0},"end":{"line":69,"column":10}},"69":{"start":{"line":70,"column":0},"end":{"line":70,"column":18}},"70":{"start":{"line":71,"column":0},"end":{"line":71,"column":52}},"71":{"start":{"line":72,"column":0},"end":{"line":72,"column":55}},"72":{"start":{"line":73,"column":0},"end":{"line":73,"column":49}},"73":{"start":{"line":74,"column":0},"end":{"line":74,"column":73}},"74":{"start":{"line":75,"column":0},"end":{"line":75,"column":47}},"75":{"start":{"line":76,"column":0},"end":{"line":76,"column":71}},"76":{"start":{"line":77,"column":0},"end":{"line":77,"column":47}},"77":{"start":{"line":78,"column":0},"end":{"line":78,"column":43}},"78":{"start":{"line":79,"column":0},"end":{"line":79,"column":10}},"79":{"start":{"line":80,"column":0},"end":{"line":80,"column":8}},"80":{"start":{"line":81,"column":0},"end":{"line":81,"column":21}},"81":{"start":{"line":82,"column":0},"end":{"line":82,"column":28}},"82":{"start":{"line":83,"column":0},"end":{"line":83,"column":40}},"83":{"start":{"line":84,"column":0},"end":{"line":84,"column":40}},"84":{"start":{"line":85,"column":0},"end":{"line":85,"column":19}},"85":{"start":{"line":86,"column":0},"end":{"line":86,"column":25}},"86":{"start":{"line":87,"column":0},"end":{"line":87,"column":8}},"87":{"start":{"line":88,"column":0},"end":{"line":88,"column":18}},"88":{"start":{"line":89,"column":0},"end":{"line":89,"column":27}},"89":{"start":{"line":90,"column":0},"end":{"line":90,"column":32}},"90":{"start":{"line":91,"column":0},"end":{"line":91,"column":66}},"91":{"start":{"line":92,"column":0},"end":{"line":92,"column":10}},"92":{"start":{"line":93,"column":0},"end":{"line":93,"column":25}},"93":{"start":{"line":94,"column":0},"end":{"line":94,"column":68}},"94":{"start":{"line":95,"column":0},"end":{"line":95,"column":30}},"95":{"start":{"line":96,"column":0},"end":{"line":96,"column":10}},"96":{"start":{"line":97,"column":0},"end":{"line":97,"column":23}},"97":{"start":{"line":98,"column":0},"end":{"line":98,"column":64}},"98":{"start":{"line":99,"column":0},"end":{"line":99,"column":63}},"99":{"start":{"line":100,"column":0},"end":{"line":100,"column":10}},"100":{"start":{"line":101,"column":0},"end":{"line":101,"column":25}},"101":{"start":{"line":102,"column":0},"end":{"line":102,"column":42}},"102":{"start":{"line":103,"column":0},"end":{"line":103,"column":45}},"103":{"start":{"line":104,"column":0},"end":{"line":104,"column":44}},"104":{"start":{"line":105,"column":0},"end":{"line":105,"column":10}},"105":{"start":{"line":106,"column":0},"end":{"line":106,"column":8}},"106":{"start":{"line":107,"column":0},"end":{"line":107,"column":18}},"107":{"start":{"line":108,"column":0},"end":{"line":108,"column":57}},"108":{"start":{"line":109,"column":0},"end":{"line":109,"column":53}},"109":{"start":{"line":110,"column":0},"end":{"line":110,"column":49}},"110":{"start":{"line":111,"column":0},"end":{"line":111,"column":53}},"111":{"start":{"line":112,"column":0},"end":{"line":112,"column":8}},"112":{"start":{"line":113,"column":0},"end":{"line":113,"column":6}},"113":{"start":{"line":114,"column":0},"end":{"line":114,"column":4}},"114":{"start":{"line":115,"column":0},"end":{"line":115,"column":44}},"115":{"start":{"line":116,"column":0},"end":{"line":116,"column":19}}},"s":{"2":0,"3":0,"4":0,"5":0,"6":0,"7":0,"8":0,"9":0,"10":0,"11":0,"12":0,"13":0,"14":0,"15":0,"16":0,"17":0,"18":0,"19":0,"20":0,"21":0,"22":0,"23":0,"24":0,"25":0,"26":0,"27":0,"28":0,"29":0,"30":0,"31":0,"32":0,"33":0,"34":0,"35":0,"36":0,"37":0,"38":0,"39":0,"40":0,"41":0,"42":0,"43":0,"44":0,"45":0,"46":0,"47":0,"48":0,"49":0,"50":0,"51":0,"52":0,"53":0,"54":0,"55":0,"56":0,"57":0,"58":0,"59":0,"60":0,"61":0,"62":0,"63":0,"64":0,"65":0,"66":0,"67":0,"68":0,"69":0,"70":0,"71":0,"72":0,"73":0,"74":0,"75":0,"76":0,"77":0,"78":0,"79":0,"80":0,"81":0,"82":0,"83":0,"84":0,"85":0,"86":0,"87":0,"88":0,"89":0,"90":0,"91":0,"92":0,"93":0,"94":0,"95":0,"96":0,"97":0,"98":0,"99":0,"100":0,"101":0,"102":0,"103":0,"104":0,"105":0,"106":0,"107":0,"108":0,"109":0,"110":0,"111":0,"112":0,"113":0,"114":0,"115":0},"branchMap":{"0":{"type":"branch","line":1,"loc":{"start":{"line":1,"column":44},"end":{"line":116,"column":-836}},"locations":[{"start":{"line":1,"column":44},"end":{"line":116,"column":-836}}]}},"b":{"0":[1]},"fnMap":{"0":{"name":"(empty-report)","decl":{"start":{"line":1,"column":44},"end":{"line":116,"column":-836}},"loc":{"start":{"line":1,"column":44},"end":{"line":116,"column":-836}},"line":1}},"f":{"0":1}}
,"/Users/bernardobelfort/Downloads/cadus-facil-login-main/src/App.tsx": {"path":"/Users/bernardobelfort/Downloads/cadus-facil-login-main/src/App.tsx","all":true,"statementMap":{"0":{"start":{"line":1,"column":0},"end":{"line":1,"column":73}},"1":{"start":{"line":2,"column":0},"end":{"line":2,"column":64}},"2":{"start":{"line":3,"column":0},"end":{"line":3,"column":59}},"3":{"start":{"line":4,"column":0},"end":{"line":4,"column":50}},"4":{"start":{"line":5,"column":0},"end":{"line":5,"column":58}},"5":{"start":{"line":6,"column":0},"end":{"line":6,"column":38}},"6":{"start":{"line":7,"column":0},"end":{"line":7,"column":44}},"7":{"start":{"line":8,"column":0},"end":{"line":8,"column":52}},"8":{"start":{"line":9,"column":0},"end":{"line":9,"column":60}},"9":{"start":{"line":10,"column":0},"end":{"line":10,"column":70}},"10":{"start":{"line":11,"column":0},"end":{"line":11,"column":38}},"12":{"start":{"line":13,"column":0},"end":{"line":13,"column":38}},"14":{"start":{"line":15,"column":0},"end":{"line":15,"column":19}},"15":{"start":{"line":16,"column":0},"end":{"line":16,"column":44}},"16":{"start":{"line":17,"column":0},"end":{"line":17,"column":21}},"17":{"start":{"line":18,"column":0},"end":{"line":18,"column":17}},"18":{"start":{"line":19,"column":0},"end":{"line":19,"column":16}},"19":{"start":{"line":20,"column":0},"end":{"line":20,"column":21}},"20":{"start":{"line":21,"column":0},"end":{"line":21,"column":16}},"21":{"start":{"line":22,"column":0},"end":{"line":22,"column":48}},"22":{"start":{"line":23,"column":0},"end":{"line":23,"column":54}},"23":{"start":{"line":24,"column":0},"end":{"line":24,"column":63}},"24":{"start":{"line":25,"column":0},"end":{"line":25,"column":74}},"25":{"start":{"line":26,"column":0},"end":{"line":26,"column":83}},"27":{"start":{"line":28,"column":0},"end":{"line":28,"column":51}},"34":{"start":{"line":35,"column":0},"end":{"line":35,"column":19}}},"s":{"0":0,"1":0,"2":0,"3":0,"4":0,"5":0,"6":0,"7":0,"8":0,"9":0,"10":0,"12":0,"14":0,"15":0,"16":0,"17":0,"18":0,"19":0,"20":0,"21":0,"22":0,"23":0,"24":0,"25":0,"27":0,"34":0},"branchMap":{"0":{"type":"branch","line":1,"loc":{"start":{"line":1,"column":1380},"end":{"line":35,"column":19}},"locations":[{"start":{"line":1,"column":1380},"end":{"line":35,"column":19}}]}},"b":{"0":[0]},"fnMap":{"0":{"name":"(empty-report)","decl":{"start":{"line":1,"column":1380},"end":{"line":35,"column":19}},"loc":{"start":{"line":1,"column":1380},"end":{"line":35,"column":19}},"line":1}},"f":{"0":0}}
,"/Users/bernardobelfort/Downloads/cadus-facil-login-main/src/main.tsx": {"path":"/Users/bernardobelfort/Downloads/cadus-facil-login-main/src/main.tsx","all":true,"statementMap":{"0":{"start":{"line":1,"column":0},"end":{"line":1,"column":46}},"1":{"start":{"line":2,"column":0},"end":{"line":2,"column":28}},"2":{"start":{"line":3,"column":0},"end":{"line":3,"column":21}},"4":{"start":{"line":5,"column":0},"end":{"line":5,"column":61}}},"s":{"0":0,"1":0,"2":0,"4":0},"branchMap":{"0":{"type":"branch","line":1,"loc":{"start":{"line":1,"column":160},"end":{"line":5,"column":61}},"locations":[{"start":{"line":1,"column":160},"end":{"line":5,"column":61}}]}},"b":{"0":[0]},"fnMap":{"0":{"name":"(empty-report)","decl":{"start":{"line":1,"column":160},"end":{"line":5,"column":61}},"loc":{"start":{"line":1,"column":160},"end":{"line":5,"column":61}},"line":1}},"f":{"0":0}}
,"/Users/bernardobelfort/Downloads/cadus-facil-login-main/src/components/Footer.tsx": {"path":"/Users/bernardobelfort/Downloads/cadus-facil-login-main/src/components/Footer.tsx","all":true,"statementMap":{"0":{"start":{"line":1,"column":0},"end":{"line":1,"column":61}},"2":{"start":{"line":3,"column":0},"end":{"line":3,"column":22}},"3":{"start":{"line":4,"column":0},"end":{"line":4,"column":38}},"5":{"start":{"line":6,"column":0},"end":{"line":6,"column":72}},"6":{"start":{"line":7,"column":0},"end":{"line":7,"column":33}},"7":{"start":{"line":8,"column":0},"end":{"line":8,"column":77}},"9":{"start":{"line":10,"column":0},"end":{"line":10,"column":76}},"10":{"start":{"line":11,"column":0},"end":{"line":11,"column":99}},"11":{"start":{"line":12,"column":0},"end":{"line":12,"column":60}},"13":{"start":{"line":14,"column":0},"end":{"line":14,"column":91}},"15":{"start":{"line":16,"column":0},"end":{"line":16,"column":20}},"18":{"start":{"line":19,"column":0},"end":{"line":19,"column":85}},"24":{"start":{"line":25,"column":0},"end":{"line":25,"column":61}},"25":{"start":{"line":26,"column":0},"end":{"line":26,"column":119}},"28":{"start":{"line":29,"column":0},"end":{"line":29,"column":170}},"31":{"start":{"line":32,"column":0},"end":{"line":32,"column":170}},"37":{"start":{"line":38,"column":0},"end":{"line":38,"column":61}},"38":{"start":{"line":39,"column":0},"end":{"line":39,"column":119}},"41":{"start":{"line":42,"column":0},"end":{"line":42,"column":170}},"44":{"start":{"line":45,"column":0},"end":{"line":45,"column":170}},"50":{"start":{"line":51,"column":0},"end":{"line":51,"column":61}},"51":{"start":{"line":52,"column":0},"end":{"line":52,"column":119}},"54":{"start":{"line":55,"column":0},"end":{"line":55,"column":188}},"55":{"start":{"line":56,"column":0},"end":{"line":56,"column":53}},"64":{"start":{"line":65,"column":0},"end":{"line":65,"column":57}},"65":{"start":{"line":66,"column":0},"end":{"line":66,"column":112}},"66":{"start":{"line":67,"column":0},"end":{"line":67,"column":49}},"67":{"start":{"line":68,"column":0},"end":{"line":68,"column":104}},"68":{"start":{"line":69,"column":0},"end":{"line":69,"column":57}},"71":{"start":{"line":72,"column":0},"end":{"line":72,"column":104}},"72":{"start":{"line":73,"column":0},"end":{"line":73,"column":55}},"75":{"start":{"line":76,"column":0},"end":{"line":76,"column":104}},"76":{"start":{"line":77,"column":0},"end":{"line":77,"column":60}},"80":{"start":{"line":81,"column":0},"end":{"line":81,"column":74}},"88":{"start":{"line":89,"column":0},"end":{"line":89,"column":22}}},"s":{"0":0,"2":0,"3":0,"5":0,"6":0,"7":0,"9":0,"10":0,"11":0,"13":0,"15":0,"18":0,"24":0,"25":0,"28":0,"31":0,"37":0,"38":0,"41":0,"44":0,"50":0,"51":0,"54":0,"55":0,"64":0,"65":0,"66":0,"67":0,"68":0,"71":0,"72":0,"75":0,"76":0,"80":0,"88":0},"branchMap":{"0":{"type":"branch","line":1,"loc":{"start":{"line":1,"column":4111},"end":{"line":89,"column":22}},"locations":[{"start":{"line":1,"column":4111},"end":{"line":89,"column":22}}]}},"b":{"0":[0]},"fnMap":{"0":{"name":"(empty-report)","decl":{"start":{"line":1,"column":4111},"end":{"line":89,"column":22}},"loc":{"start":{"line":1,"column":4111},"end":{"line":89,"column":22}},"line":1}},"f":{"0":0}}
,"/Users/bernardobelfort/Downloads/cadus-facil-login-main/src/components/NavLink.tsx": {"path":"/Users/bernardobelfort/Downloads/cadus-facil-login-main/src/components/NavLink.tsx","all":true,"statementMap":{"0":{"start":{"line":1,"column":0},"end":{"line":1,"column":74}},"10":{"start":{"line":11,"column":0},"end":{"line":11,"column":66}},"11":{"start":{"line":12,"column":0},"end":{"line":12,"column":76}},"12":{"start":{"line":13,"column":0},"end":{"line":13,"column":12}},"13":{"start":{"line":14,"column":0},"end":{"line":14,"column":20}},"14":{"start":{"line":15,"column":0},"end":{"line":15,"column":17}},"15":{"start":{"line":16,"column":0},"end":{"line":16,"column":15}},"16":{"start":{"line":17,"column":0},"end":{"line":17,"column":47}},"17":{"start":{"line":18,"column":0},"end":{"line":18,"column":83}},"19":{"start":{"line":20,"column":0},"end":{"line":20,"column":18}},"22":{"start":{"line":23,"column":0},"end":{"line":23,"column":4}},"25":{"start":{"line":26,"column":0},"end":{"line":26,"column":32}}},"s":{"0":0,"10":0,"11":0,"12":0,"13":0,"14":0,"15":0,"16":0,"17":0,"19":0,"22":0,"25":0},"branchMap":{"0":{"type":"branch","line":1,"loc":{"start":{"line":1,"column":0},"end":{"line":28,"column":-159}},"locations":[{"start":{"line":1,"column":0},"end":{"line":28,"column":-159}}]}},"b":{"0":[0]},"fnMap":{"0":{"name":"(empty-report)","decl":{"start":{"line":1,"column":0},"end":{"line":28,"column":-159}},"loc":{"start":{"line":1,"column":0},"end":{"line":28,"column":-159}},"line":1}},"f":{"0":0}}
,"/Users/bernardobelfort/Downloads/cadus-facil-login-main/src/components/Navbar.tsx": {"path":"/Users/bernardobelfort/Downloads/cadus-facil-login-main/src/components/Navbar.tsx","all":true,"statementMap":{"0":{"start":{"line":1,"column":0},"end":{"line":1,"column":40}},"2":{"start":{"line":3,"column":0},"end":{"line":3,"column":22}},"3":{"start":{"line":4,"column":0},"end":{"line":4,"column":10}},"4":{"start":{"line":5,"column":0},"end":{"line":5,"column":108}},"5":{"start":{"line":6,"column":0},"end":{"line":6,"column":80}},"6":{"start":{"line":7,"column":0},"end":{"line":7,"column":102}},"7":{"start":{"line":8,"column":0},"end":{"line":8,"column":56}},"10":{"start":{"line":11,"column":0},"end":{"line":11,"column":58}},"11":{"start":{"line":12,"column":0},"end":{"line":12,"column":102}},"14":{"start":{"line":15,"column":0},"end":{"line":15,"column":135}},"21":{"start":{"line":22,"column":0},"end":{"line":22,"column":2}},"23":{"start":{"line":24,"column":0},"end":{"line":24,"column":22}}},"s":{"0":0,"2":0,"3":0,"4":0,"5":0,"6":0,"7":0,"10":0,"11":0,"14":0,"21":0,"23":0},"branchMap":{"0":{"type":"branch","line":1,"loc":{"start":{"line":1,"column":0},"end":{"line":24,"column":-481}},"locations":[{"start":{"line":1,"column":0},"end":{"line":24,"column":-481}}]}},"b":{"0":[0]},"fnMap":{"0":{"name":"(empty-report)","decl":{"start":{"line":1,"column":0},"end":{"line":24,"column":-481}},"loc":{"start":{"line":1,"column":0},"end":{"line":24,"column":-481}},"line":1}},"f":{"0":0}}
,"/Users/bernardobelfort/Downloads/cadus-facil-login-main/src/components/registration/StepPatientAccess.tsx": {"path":"/Users/bernardobelfort/Downloads/cadus-facil-login-main/src/components/registration/StepPatientAccess.tsx","all":true,"statementMap":{"0":{"start":{"line":1,"column":0},"end":{"line":1,"column":33}},"1":{"start":{"line":2,"column":0},"end":{"line":2,"column":65}},"2":{"start":{"line":3,"column":0},"end":{"line":3,"column":89}},"6":{"start":{"line":7,"column":0},"end":{"line":7,"column":82}},"7":{"start":{"line":8,"column":0},"end":{"line":8,"column":90}},"8":{"start":{"line":9,"column":0},"end":{"line":9,"column":55}},"9":{"start":{"line":10,"column":0},"end":{"line":10,"column":50}},"10":{"start":{"line":11,"column":0},"end":{"line":11,"column":50}},"11":{"start":{"line":12,"column":0},"end":{"line":12,"column":67}},"12":{"start":{"line":13,"column":0},"end":{"line":13,"column":48}},"14":{"start":{"line":15,"column":0},"end":{"line":15,"column":40}},"15":{"start":{"line":16,"column":0},"end":{"line":16,"column":36}},"16":{"start":{"line":17,"column":0},"end":{"line":17,"column":39}},"17":{"start":{"line":18,"column":0},"end":{"line":18,"column":37}},"18":{"start":{"line":19,"column":0},"end":{"line":19,"column":63}},"19":{"start":{"line":20,"column":0},"end":{"line":20,"column":73}},"21":{"start":{"line":22,"column":0},"end":{"line":22,"column":26}},"22":{"start":{"line":23,"column":0},"end":{"line":23,"column":41}},"23":{"start":{"line":24,"column":0},"end":{"line":24,"column":92}},"24":{"start":{"line":25,"column":0},"end":{"line":25,"column":59}},"25":{"start":{"line":26,"column":0},"end":{"line":26,"column":78}},"26":{"start":{"line":27,"column":0},"end":{"line":27,"column":17}},"27":{"start":{"line":28,"column":0},"end":{"line":28,"column":39}},"28":{"start":{"line":29,"column":0},"end":{"line":29,"column":4}},"30":{"start":{"line":31,"column":0},"end":{"line":31,"column":36}},"31":{"start":{"line":32,"column":0},"end":{"line":32,"column":28}},"32":{"start":{"line":33,"column":0},"end":{"line":33,"column":21}},"33":{"start":{"line":34,"column":0},"end":{"line":34,"column":50}},"34":{"start":{"line":35,"column":0},"end":{"line":35,"column":27}},"35":{"start":{"line":36,"column":0},"end":{"line":36,"column":22}},"36":{"start":{"line":37,"column":0},"end":{"line":37,"column":13}},"37":{"start":{"line":38,"column":0},"end":{"line":38,"column":4}},"39":{"start":{"line":40,"column":0},"end":{"line":40,"column":108}},"40":{"start":{"line":41,"column":0},"end":{"line":41,"column":139}},"42":{"start":{"line":43,"column":0},"end":{"line":43,"column":10}},"43":{"start":{"line":44,"column":0},"end":{"line":44,"column":32}},"44":{"start":{"line":45,"column":0},"end":{"line":45,"column":35}},"45":{"start":{"line":46,"column":0},"end":{"line":46,"column":35}},"46":{"start":{"line":47,"column":0},"end":{"line":47,"column":50}},"47":{"start":{"line":48,"column":0},"end":{"line":48,"column":56}},"49":{"start":{"line":50,"column":0},"end":{"line":50,"column":32}},"50":{"start":{"line":51,"column":0},"end":{"line":51,"column":50}},"51":{"start":{"line":52,"column":0},"end":{"line":52,"column":38}},"52":{"start":{"line":53,"column":0},"end":{"line":53,"column":78}},"56":{"start":{"line":57,"column":0},"end":{"line":57,"column":38}},"58":{"start":{"line":59,"column":0},"end":{"line":59,"column":46}},"59":{"start":{"line":60,"column":0},"end":{"line":60,"column":13}},"60":{"start":{"line":61,"column":0},"end":{"line":61,"column":64}},"61":{"start":{"line":62,"column":0},"end":{"line":62,"column":94}},"64":{"start":{"line":65,"column":0},"end":{"line":65,"column":13}},"65":{"start":{"line":66,"column":0},"end":{"line":66,"column":65}},"66":{"start":{"line":67,"column":0},"end":{"line":67,"column":36}},"67":{"start":{"line":68,"column":0},"end":{"line":68,"column":190}},"68":{"start":{"line":69,"column":0},"end":{"line":69,"column":254}},"69":{"start":{"line":70,"column":0},"end":{"line":70,"column":67}},"73":{"start":{"line":74,"column":0},"end":{"line":74,"column":32}},"74":{"start":{"line":75,"column":0},"end":{"line":75,"column":66}},"75":{"start":{"line":76,"column":0},"end":{"line":76,"column":60}},"76":{"start":{"line":77,"column":0},"end":{"line":77,"column":53}},"77":{"start":{"line":78,"column":0},"end":{"line":78,"column":41}},"78":{"start":{"line":79,"column":0},"end":{"line":79,"column":98}},"79":{"start":{"line":80,"column":0},"end":{"line":80,"column":171}},"82":{"start":{"line":83,"column":0},"end":{"line":83,"column":139}},"84":{"start":{"line":85,"column":0},"end":{"line":85,"column":43}},"85":{"start":{"line":86,"column":0},"end":{"line":86,"column":18}},"86":{"start":{"line":87,"column":0},"end":{"line":87,"column":67}},"87":{"start":{"line":88,"column":0},"end":{"line":88,"column":64}},"88":{"start":{"line":89,"column":0},"end":{"line":89,"column":55}},"89":{"start":{"line":90,"column":0},"end":{"line":90,"column":35}},"90":{"start":{"line":91,"column":0},"end":{"line":91,"column":176}},"91":{"start":{"line":92,"column":0},"end":{"line":92,"column":146}},"92":{"start":{"line":93,"column":0},"end":{"line":93,"column":117}},"94":{"start":{"line":95,"column":0},"end":{"line":95,"column":30}},"100":{"start":{"line":101,"column":0},"end":{"line":101,"column":72}},"103":{"start":{"line":104,"column":0},"end":{"line":104,"column":13}},"104":{"start":{"line":105,"column":0},"end":{"line":105,"column":65}},"105":{"start":{"line":106,"column":0},"end":{"line":106,"column":185}},"106":{"start":{"line":107,"column":0},"end":{"line":107,"column":76}},"109":{"start":{"line":110,"column":0},"end":{"line":110,"column":68}},"110":{"start":{"line":111,"column":0},"end":{"line":111,"column":234}},"111":{"start":{"line":112,"column":0},"end":{"line":112,"column":171}},"112":{"start":{"line":113,"column":0},"end":{"line":113,"column":81}},"114":{"start":{"line":115,"column":0},"end":{"line":115,"column":99}},"115":{"start":{"line":116,"column":0},"end":{"line":116,"column":244}},"118":{"start":{"line":119,"column":0},"end":{"line":119,"column":70}},"121":{"start":{"line":122,"column":0},"end":{"line":122,"column":106}},"122":{"start":{"line":123,"column":0},"end":{"line":123,"column":146}},"125":{"start":{"line":126,"column":0},"end":{"line":126,"column":71}},"126":{"start":{"line":127,"column":0},"end":{"line":127,"column":38}},"130":{"start":{"line":131,"column":0},"end":{"line":131,"column":2}},"132":{"start":{"line":133,"column":0},"end":{"line":133,"column":33}}},"s":{"0":0,"1":0,"2":0,"6":0,"7":0,"8":0,"9":0,"10":0,"11":0,"12":0,"14":0,"15":0,"16":0,"17":0,"18":0,"19":0,"21":0,"22":0,"23":0,"24":0,"25":0,"26":0,"27":0,"28":0,"30":0,"31":0,"32":0,"33":0,"34":0,"35":0,"36":0,"37":0,"39":0,"40":0,"42":0,"43":0,"44":0,"45":0,"46":0,"47":0,"49":0,"50":0,"51":0,"52":0,"56":0,"58":0,"59":0,"60":0,"61":0,"64":0,"65":0,"66":0,"67":0,"68":0,"69":0,"73":0,"74":0,"75":0,"76":0,"77":0,"78":0,"79":0,"82":0,"84":0,"85":0,"86":0,"87":0,"88":0,"89":0,"90":0,"91":0,"92":0,"94":0,"100":0,"103":0,"104":0,"105":0,"106":0,"109":0,"110":0,"111":0,"112":0,"114":0,"115":0,"118":0,"121":0,"122":0,"125":0,"126":0,"130":0,"132":0},"branchMap":{"0":{"type":"branch","line":1,"loc":{"start":{"line":1,"column":6838},"end":{"line":133,"column":33}},"locations":[{"start":{"line":1,"column":6838},"end":{"line":133,"column":33}}]}},"b":{"0":[0]},"fnMap":{"0":{"name":"(empty-report)","decl":{"start":{"line":1,"column":6838},"end":{"line":133,"column":33}},"loc":{"start":{"line":1,"column":6838},"end":{"line":133,"column":33}},"line":1}},"f":{"0":0}}
,"/Users/bernardobelfort/Downloads/cadus-facil-login-main/src/components/registration/StepPatientAddress.tsx": {"path":"/Users/bernardobelfort/Downloads/cadus-facil-login-main/src/components/registration/StepPatientAddress.tsx","all":true,"statementMap":{"0":{"start":{"line":1,"column":0},"end":{"line":1,"column":46}},"1":{"start":{"line":2,"column":0},"end":{"line":2,"column":65}},"2":{"start":{"line":3,"column":0},"end":{"line":3,"column":68}},"3":{"start":{"line":4,"column":0},"end":{"line":4,"column":70}},"7":{"start":{"line":8,"column":0},"end":{"line":8,"column":83}},"8":{"start":{"line":9,"column":0},"end":{"line":9,"column":68}},"9":{"start":{"line":10,"column":0},"end":{"line":10,"column":67}},"10":{"start":{"line":11,"column":0},"end":{"line":11,"column":54}},"11":{"start":{"line":12,"column":0},"end":{"line":12,"column":57}},"13":{"start":{"line":14,"column":0},"end":{"line":14,"column":62}},"15":{"start":{"line":16,"column":0},"end":{"line":16,"column":58}},"16":{"start":{"line":17,"column":0},"end":{"line":17,"column":39}},"17":{"start":{"line":18,"column":0},"end":{"line":18,"column":42}},"18":{"start":{"line":19,"column":0},"end":{"line":19,"column":48}},"19":{"start":{"line":20,"column":0},"end":{"line":20,"column":30}},"20":{"start":{"line":21,"column":0},"end":{"line":21,"column":26}},"21":{"start":{"line":22,"column":0},"end":{"line":22,"column":46}},"22":{"start":{"line":23,"column":0},"end":{"line":23,"column":40}},"23":{"start":{"line":24,"column":0},"end":{"line":24,"column":27}},"24":{"start":{"line":25,"column":0},"end":{"line":25,"column":5}},"25":{"start":{"line":26,"column":0},"end":{"line":26,"column":26}},"27":{"start":{"line":28,"column":0},"end":{"line":28,"column":26}},"28":{"start":{"line":29,"column":0},"end":{"line":29,"column":41}},"29":{"start":{"line":30,"column":0},"end":{"line":30,"column":119}},"30":{"start":{"line":31,"column":0},"end":{"line":31,"column":79}},"31":{"start":{"line":32,"column":0},"end":{"line":32,"column":17}},"32":{"start":{"line":33,"column":0},"end":{"line":33,"column":39}},"33":{"start":{"line":34,"column":0},"end":{"line":34,"column":4}},"35":{"start":{"line":36,"column":0},"end":{"line":36,"column":10}},"36":{"start":{"line":37,"column":0},"end":{"line":37,"column":32}},"37":{"start":{"line":38,"column":0},"end":{"line":38,"column":35}},"38":{"start":{"line":39,"column":0},"end":{"line":39,"column":35}},"39":{"start":{"line":40,"column":0},"end":{"line":40,"column":52}},"40":{"start":{"line":41,"column":0},"end":{"line":41,"column":58}},"42":{"start":{"line":43,"column":0},"end":{"line":43,"column":82}},"43":{"start":{"line":44,"column":0},"end":{"line":44,"column":58}},"44":{"start":{"line":45,"column":0},"end":{"line":45,"column":38}},"45":{"start":{"line":46,"column":0},"end":{"line":46,"column":78}},"49":{"start":{"line":50,"column":0},"end":{"line":50,"column":38}},"51":{"start":{"line":52,"column":0},"end":{"line":52,"column":46}},"52":{"start":{"line":53,"column":0},"end":{"line":53,"column":13}},"53":{"start":{"line":54,"column":0},"end":{"line":54,"column":54}},"54":{"start":{"line":55,"column":0},"end":{"line":55,"column":36}},"55":{"start":{"line":56,"column":0},"end":{"line":56,"column":110}},"56":{"start":{"line":57,"column":0},"end":{"line":57,"column":18}},"57":{"start":{"line":58,"column":0},"end":{"line":58,"column":43}},"58":{"start":{"line":59,"column":0},"end":{"line":59,"column":43}},"59":{"start":{"line":60,"column":0},"end":{"line":60,"column":57}},"60":{"start":{"line":61,"column":0},"end":{"line":61,"column":37}},"61":{"start":{"line":62,"column":0},"end":{"line":62,"column":33}},"62":{"start":{"line":63,"column":0},"end":{"line":63,"column":23}},"64":{"start":{"line":65,"column":0},"end":{"line":65,"column":129}},"66":{"start":{"line":67,"column":0},"end":{"line":67,"column":68}},"69":{"start":{"line":70,"column":0},"end":{"line":70,"column":23}},"70":{"start":{"line":71,"column":0},"end":{"line":71,"column":105}},"71":{"start":{"line":72,"column":0},"end":{"line":72,"column":39}},"72":{"start":{"line":73,"column":0},"end":{"line":73,"column":75}},"73":{"start":{"line":74,"column":0},"end":{"line":74,"column":126}},"76":{"start":{"line":77,"column":0},"end":{"line":77,"column":63}},"77":{"start":{"line":78,"column":0},"end":{"line":78,"column":19}},"78":{"start":{"line":79,"column":0},"end":{"line":79,"column":63}},"79":{"start":{"line":80,"column":0},"end":{"line":80,"column":163}},"80":{"start":{"line":81,"column":0},"end":{"line":81,"column":80}},"82":{"start":{"line":83,"column":0},"end":{"line":83,"column":19}},"83":{"start":{"line":84,"column":0},"end":{"line":84,"column":66}},"84":{"start":{"line":85,"column":0},"end":{"line":85,"column":185}},"91":{"start":{"line":92,"column":0},"end":{"line":92,"column":110}},"92":{"start":{"line":93,"column":0},"end":{"line":93,"column":101}},"95":{"start":{"line":96,"column":0},"end":{"line":96,"column":52}},"96":{"start":{"line":97,"column":0},"end":{"line":97,"column":38}},"100":{"start":{"line":101,"column":0},"end":{"line":101,"column":2}},"102":{"start":{"line":103,"column":0},"end":{"line":103,"column":34}}},"s":{"0":0,"1":0,"2":0,"3":0,"7":0,"8":0,"9":0,"10":0,"11":0,"13":0,"15":0,"16":0,"17":0,"18":0,"19":0,"20":0,"21":0,"22":0,"23":0,"24":0,"25":0,"27":0,"28":0,"29":0,"30":0,"31":0,"32":0,"33":0,"35":0,"36":0,"37":0,"38":0,"39":0,"40":0,"42":0,"43":0,"44":0,"45":0,"49":0,"51":0,"52":0,"53":0,"54":0,"55":0,"56":0,"57":0,"58":0,"59":0,"60":0,"61":0,"62":0,"64":0,"66":0,"69":0,"70":0,"71":0,"72":0,"73":0,"76":0,"77":0,"78":0,"79":0,"80":0,"82":0,"83":0,"84":0,"91":0,"92":0,"95":0,"96":0,"100":0,"102":0},"branchMap":{"0":{"type":"branch","line":1,"loc":{"start":{"line":1,"column":0},"end":{"line":103,"column":-2476}},"locations":[{"start":{"line":1,"column":0},"end":{"line":103,"column":-2476}}]}},"b":{"0":[0]},"fnMap":{"0":{"name":"(empty-report)","decl":{"start":{"line":1,"column":0},"end":{"line":103,"column":-2476}},"loc":{"start":{"line":1,"column":0},"end":{"line":103,"column":-2476}},"line":1}},"f":{"0":0}}
,"/Users/bernardobelfort/Downloads/cadus-facil-login-main/src/components/registration/StepPatientBirthdate.tsx": {"path":"/Users/bernardobelfort/Downloads/cadus-facil-login-main/src/components/registration/StepPatientBirthdate.tsx","all":true,"statementMap":{"0":{"start":{"line":1,"column":0},"end":{"line":1,"column":33}},"1":{"start":{"line":2,"column":0},"end":{"line":2,"column":65}},"2":{"start":{"line":3,"column":0},"end":{"line":3,"column":43}},"3":{"start":{"line":4,"column":0},"end":{"line":4,"column":63}},"7":{"start":{"line":8,"column":0},"end":{"line":8,"column":85}},"8":{"start":{"line":9,"column":0},"end":{"line":9,"column":68}},"9":{"start":{"line":10,"column":0},"end":{"line":10,"column":41}},"10":{"start":{"line":11,"column":0},"end":{"line":11,"column":57}},"12":{"start":{"line":13,"column":0},"end":{"line":13,"column":26}},"13":{"start":{"line":14,"column":0},"end":{"line":14,"column":38}},"14":{"start":{"line":15,"column":0},"end":{"line":15,"column":61}},"15":{"start":{"line":16,"column":0},"end":{"line":16,"column":19}},"16":{"start":{"line":17,"column":0},"end":{"line":17,"column":5}},"17":{"start":{"line":18,"column":0},"end":{"line":18,"column":17}},"18":{"start":{"line":19,"column":0},"end":{"line":19,"column":16}},"19":{"start":{"line":20,"column":0},"end":{"line":20,"column":4}},"21":{"start":{"line":22,"column":0},"end":{"line":22,"column":10}},"22":{"start":{"line":23,"column":0},"end":{"line":23,"column":32}},"23":{"start":{"line":24,"column":0},"end":{"line":24,"column":35}},"24":{"start":{"line":25,"column":0},"end":{"line":25,"column":35}},"25":{"start":{"line":26,"column":0},"end":{"line":26,"column":54}},"26":{"start":{"line":27,"column":0},"end":{"line":27,"column":60}},"28":{"start":{"line":29,"column":0},"end":{"line":29,"column":90}},"29":{"start":{"line":30,"column":0},"end":{"line":30,"column":51}},"30":{"start":{"line":31,"column":0},"end":{"line":31,"column":38}},"31":{"start":{"line":32,"column":0},"end":{"line":32,"column":78}},"35":{"start":{"line":36,"column":0},"end":{"line":36,"column":38}},"37":{"start":{"line":38,"column":0},"end":{"line":38,"column":11}},"38":{"start":{"line":39,"column":0},"end":{"line":39,"column":67}},"39":{"start":{"line":40,"column":0},"end":{"line":40,"column":34}},"40":{"start":{"line":41,"column":0},"end":{"line":41,"column":110}},"41":{"start":{"line":42,"column":0},"end":{"line":42,"column":16}},"42":{"start":{"line":43,"column":0},"end":{"line":43,"column":23}},"43":{"start":{"line":44,"column":0},"end":{"line":44,"column":41}},"44":{"start":{"line":45,"column":0},"end":{"line":45,"column":52}},"45":{"start":{"line":46,"column":0},"end":{"line":46,"column":83}},"48":{"start":{"line":49,"column":0},"end":{"line":49,"column":61}},"51":{"start":{"line":52,"column":0},"end":{"line":52,"column":110}},"52":{"start":{"line":53,"column":0},"end":{"line":53,"column":101}},"55":{"start":{"line":56,"column":0},"end":{"line":56,"column":52}},"56":{"start":{"line":57,"column":0},"end":{"line":57,"column":38}},"60":{"start":{"line":61,"column":0},"end":{"line":61,"column":2}},"62":{"start":{"line":63,"column":0},"end":{"line":63,"column":36}}},"s":{"0":0,"1":0,"2":0,"3":0,"7":0,"8":0,"9":0,"10":0,"12":0,"13":0,"14":0,"15":0,"16":0,"17":0,"18":0,"19":0,"21":0,"22":0,"23":0,"24":0,"25":0,"26":0,"28":0,"29":0,"30":0,"31":0,"35":0,"37":0,"38":0,"39":0,"40":0,"41":0,"42":0,"43":0,"44":0,"45":0,"48":0,"51":0,"52":0,"55":0,"56":0,"60":0,"62":0},"branchMap":{"0":{"type":"branch","line":1,"loc":{"start":{"line":1,"column":0},"end":{"line":63,"column":-1250}},"locations":[{"start":{"line":1,"column":0},"end":{"line":63,"column":-1250}}]}},"b":{"0":[0]},"fnMap":{"0":{"name":"(empty-report)","decl":{"start":{"line":1,"column":0},"end":{"line":63,"column":-1250}},"loc":{"start":{"line":1,"column":0},"end":{"line":63,"column":-1250}},"line":1}},"f":{"0":0}}
,"/Users/bernardobelfort/Downloads/cadus-facil-login-main/src/components/registration/StepPatientCPF.tsx": {"path":"/Users/bernardobelfort/Downloads/cadus-facil-login-main/src/components/registration/StepPatientCPF.tsx","all":true,"statementMap":{"0":{"start":{"line":1,"column":0},"end":{"line":1,"column":33}},"1":{"start":{"line":2,"column":0},"end":{"line":2,"column":65}},"2":{"start":{"line":3,"column":0},"end":{"line":3,"column":67}},"3":{"start":{"line":4,"column":0},"end":{"line":4,"column":78}},"7":{"start":{"line":8,"column":0},"end":{"line":8,"column":79}},"8":{"start":{"line":9,"column":0},"end":{"line":9,"column":68}},"9":{"start":{"line":10,"column":0},"end":{"line":10,"column":41}},"10":{"start":{"line":11,"column":0},"end":{"line":11,"column":57}},"12":{"start":{"line":13,"column":0},"end":{"line":13,"column":30}},"13":{"start":{"line":14,"column":0},"end":{"line":14,"column":60}},"14":{"start":{"line":15,"column":0},"end":{"line":15,"column":52}},"15":{"start":{"line":16,"column":0},"end":{"line":16,"column":13}},"16":{"start":{"line":17,"column":0},"end":{"line":17,"column":5}},"17":{"start":{"line":18,"column":0},"end":{"line":18,"column":17}},"18":{"start":{"line":19,"column":0},"end":{"line":19,"column":13}},"19":{"start":{"line":20,"column":0},"end":{"line":20,"column":4}},"21":{"start":{"line":22,"column":0},"end":{"line":22,"column":10}},"22":{"start":{"line":23,"column":0},"end":{"line":23,"column":32}},"23":{"start":{"line":24,"column":0},"end":{"line":24,"column":35}},"24":{"start":{"line":25,"column":0},"end":{"line":25,"column":35}},"25":{"start":{"line":26,"column":0},"end":{"line":26,"column":57}},"26":{"start":{"line":27,"column":0},"end":{"line":27,"column":63}},"28":{"start":{"line":29,"column":0},"end":{"line":29,"column":82}},"29":{"start":{"line":30,"column":0},"end":{"line":30,"column":57}},"30":{"start":{"line":31,"column":0},"end":{"line":31,"column":38}},"31":{"start":{"line":32,"column":0},"end":{"line":32,"column":78}},"35":{"start":{"line":36,"column":0},"end":{"line":36,"column":38}},"37":{"start":{"line":38,"column":0},"end":{"line":38,"column":11}},"38":{"start":{"line":39,"column":0},"end":{"line":39,"column":34}},"39":{"start":{"line":40,"column":0},"end":{"line":40,"column":106}},"40":{"start":{"line":41,"column":0},"end":{"line":41,"column":16}},"41":{"start":{"line":42,"column":0},"end":{"line":42,"column":88}},"42":{"start":{"line":43,"column":0},"end":{"line":43,"column":41}},"43":{"start":{"line":44,"column":0},"end":{"line":44,"column":83}},"44":{"start":{"line":45,"column":0},"end":{"line":45,"column":40}},"45":{"start":{"line":46,"column":0},"end":{"line":46,"column":31}},"46":{"start":{"line":47,"column":0},"end":{"line":47,"column":21}},"49":{"start":{"line":50,"column":0},"end":{"line":50,"column":73}},"50":{"start":{"line":51,"column":0},"end":{"line":51,"column":127}},"51":{"start":{"line":52,"column":0},"end":{"line":52,"column":28}},"52":{"start":{"line":53,"column":0},"end":{"line":53,"column":50}},"56":{"start":{"line":57,"column":0},"end":{"line":57,"column":87}},"57":{"start":{"line":58,"column":0},"end":{"line":58,"column":101}},"60":{"start":{"line":61,"column":0},"end":{"line":61,"column":52}},"61":{"start":{"line":62,"column":0},"end":{"line":62,"column":38}},"65":{"start":{"line":66,"column":0},"end":{"line":66,"column":2}},"67":{"start":{"line":68,"column":0},"end":{"line":68,"column":30}}},"s":{"0":0,"1":0,"2":0,"3":0,"7":0,"8":0,"9":0,"10":0,"12":0,"13":0,"14":0,"15":0,"16":0,"17":0,"18":0,"19":0,"21":0,"22":0,"23":0,"24":0,"25":0,"26":0,"28":0,"29":0,"30":0,"31":0,"35":0,"37":0,"38":0,"39":0,"40":0,"41":0,"42":0,"43":0,"44":0,"45":0,"46":0,"49":0,"50":0,"51":0,"52":0,"56":0,"57":0,"60":0,"61":0,"65":0,"67":0},"branchMap":{"0":{"type":"branch","line":1,"loc":{"start":{"line":1,"column":2566},"end":{"line":68,"column":30}},"locations":[{"start":{"line":1,"column":2566},"end":{"line":68,"column":30}}]}},"b":{"0":[0]},"fnMap":{"0":{"name":"(empty-report)","decl":{"start":{"line":1,"column":2566},"end":{"line":68,"column":30}},"loc":{"start":{"line":1,"column":2566},"end":{"line":68,"column":30}},"line":1}},"f":{"0":0}}
,"/Users/bernardobelfort/Downloads/cadus-facil-login-main/src/components/registration/StepPatientComplaint.tsx": {"path":"/Users/bernardobelfort/Downloads/cadus-facil-login-main/src/components/registration/StepPatientComplaint.tsx","all":true,"statementMap":{"0":{"start":{"line":1,"column":0},"end":{"line":1,"column":33}},"1":{"start":{"line":2,"column":0},"end":{"line":2,"column":65}},"2":{"start":{"line":3,"column":0},"end":{"line":3,"column":43}},"3":{"start":{"line":4,"column":0},"end":{"line":4,"column":68}},"7":{"start":{"line":8,"column":0},"end":{"line":8,"column":85}},"8":{"start":{"line":9,"column":0},"end":{"line":9,"column":68}},"9":{"start":{"line":10,"column":0},"end":{"line":10,"column":41}},"10":{"start":{"line":11,"column":0},"end":{"line":11,"column":57}},"11":{"start":{"line":12,"column":0},"end":{"line":12,"column":52}},"13":{"start":{"line":14,"column":0},"end":{"line":14,"column":30}},"14":{"start":{"line":15,"column":0},"end":{"line":15,"column":38}},"15":{"start":{"line":16,"column":0},"end":{"line":16,"column":59}},"16":{"start":{"line":17,"column":0},"end":{"line":17,"column":13}},"17":{"start":{"line":18,"column":0},"end":{"line":18,"column":5}},"18":{"start":{"line":19,"column":0},"end":{"line":19,"column":17}},"19":{"start":{"line":20,"column":0},"end":{"line":20,"column":13}},"20":{"start":{"line":21,"column":0},"end":{"line":21,"column":4}},"22":{"start":{"line":23,"column":0},"end":{"line":23,"column":10}},"23":{"start":{"line":24,"column":0},"end":{"line":24,"column":32}},"24":{"start":{"line":25,"column":0},"end":{"line":25,"column":35}},"25":{"start":{"line":26,"column":0},"end":{"line":26,"column":35}},"26":{"start":{"line":27,"column":0},"end":{"line":27,"column":59}},"27":{"start":{"line":28,"column":0},"end":{"line":28,"column":65}},"29":{"start":{"line":30,"column":0},"end":{"line":30,"column":104}},"30":{"start":{"line":31,"column":0},"end":{"line":31,"column":59}},"31":{"start":{"line":32,"column":0},"end":{"line":32,"column":38}},"32":{"start":{"line":33,"column":0},"end":{"line":33,"column":78}},"36":{"start":{"line":37,"column":0},"end":{"line":37,"column":38}},"38":{"start":{"line":39,"column":0},"end":{"line":39,"column":11}},"39":{"start":{"line":40,"column":0},"end":{"line":40,"column":17}},"40":{"start":{"line":41,"column":0},"end":{"line":41,"column":76}},"41":{"start":{"line":42,"column":0},"end":{"line":42,"column":42}},"42":{"start":{"line":43,"column":0},"end":{"line":43,"column":73}},"43":{"start":{"line":44,"column":0},"end":{"line":44,"column":61}},"44":{"start":{"line":45,"column":0},"end":{"line":45,"column":26}},"45":{"start":{"line":46,"column":0},"end":{"line":46,"column":18}},"47":{"start":{"line":48,"column":0},"end":{"line":48,"column":51}},"48":{"start":{"line":49,"column":0},"end":{"line":49,"column":124}},"49":{"start":{"line":50,"column":0},"end":{"line":50,"column":99}},"51":{"start":{"line":52,"column":0},"end":{"line":52,"column":61}},"54":{"start":{"line":55,"column":0},"end":{"line":55,"column":87}},"55":{"start":{"line":56,"column":0},"end":{"line":56,"column":101}},"58":{"start":{"line":59,"column":0},"end":{"line":59,"column":52}},"59":{"start":{"line":60,"column":0},"end":{"line":60,"column":38}},"63":{"start":{"line":64,"column":0},"end":{"line":64,"column":2}},"65":{"start":{"line":66,"column":0},"end":{"line":66,"column":36}}},"s":{"0":0,"1":0,"2":0,"3":0,"7":0,"8":0,"9":0,"10":0,"11":0,"13":0,"14":0,"15":0,"16":0,"17":0,"18":0,"19":0,"20":0,"22":0,"23":0,"24":0,"25":0,"26":0,"27":0,"29":0,"30":0,"31":0,"32":0,"36":0,"38":0,"39":0,"40":0,"41":0,"42":0,"43":0,"44":0,"45":0,"47":0,"48":0,"49":0,"51":0,"54":0,"55":0,"58":0,"59":0,"63":0,"65":0},"branchMap":{"0":{"type":"branch","line":1,"loc":{"start":{"line":1,"column":2501},"end":{"line":66,"column":36}},"locations":[{"start":{"line":1,"column":2501},"end":{"line":66,"column":36}}]}},"b":{"0":[0]},"fnMap":{"0":{"name":"(empty-report)","decl":{"start":{"line":1,"column":2501},"end":{"line":66,"column":36}},"loc":{"start":{"line":1,"column":2501},"end":{"line":66,"column":36}},"line":1}},"f":{"0":0}}
,"/Users/bernardobelfort/Downloads/cadus-facil-login-main/src/components/registration/StepPatientContact.tsx": {"path":"/Users/bernardobelfort/Downloads/cadus-facil-login-main/src/components/registration/StepPatientContact.tsx","all":true,"statementMap":{"0":{"start":{"line":1,"column":0},"end":{"line":1,"column":33}},"1":{"start":{"line":2,"column":0},"end":{"line":2,"column":65}},"2":{"start":{"line":3,"column":0},"end":{"line":3,"column":56}},"3":{"start":{"line":4,"column":0},"end":{"line":4,"column":66}},"7":{"start":{"line":8,"column":0},"end":{"line":8,"column":83}},"8":{"start":{"line":9,"column":0},"end":{"line":9,"column":68}},"9":{"start":{"line":10,"column":0},"end":{"line":10,"column":41}},"10":{"start":{"line":11,"column":0},"end":{"line":11,"column":57}},"12":{"start":{"line":13,"column":0},"end":{"line":13,"column":30}},"13":{"start":{"line":14,"column":0},"end":{"line":14,"column":67}},"14":{"start":{"line":15,"column":0},"end":{"line":15,"column":29}},"15":{"start":{"line":16,"column":0},"end":{"line":16,"column":57}},"16":{"start":{"line":17,"column":0},"end":{"line":17,"column":13}},"17":{"start":{"line":18,"column":0},"end":{"line":18,"column":5}},"18":{"start":{"line":19,"column":0},"end":{"line":19,"column":17}},"19":{"start":{"line":20,"column":0},"end":{"line":20,"column":13}},"20":{"start":{"line":21,"column":0},"end":{"line":21,"column":4}},"22":{"start":{"line":23,"column":0},"end":{"line":23,"column":10}},"23":{"start":{"line":24,"column":0},"end":{"line":24,"column":32}},"24":{"start":{"line":25,"column":0},"end":{"line":25,"column":35}},"25":{"start":{"line":26,"column":0},"end":{"line":26,"column":35}},"26":{"start":{"line":27,"column":0},"end":{"line":27,"column":51}},"27":{"start":{"line":28,"column":0},"end":{"line":28,"column":57}},"29":{"start":{"line":30,"column":0},"end":{"line":30,"column":92}},"30":{"start":{"line":31,"column":0},"end":{"line":31,"column":60}},"31":{"start":{"line":32,"column":0},"end":{"line":32,"column":38}},"32":{"start":{"line":33,"column":0},"end":{"line":33,"column":78}},"36":{"start":{"line":37,"column":0},"end":{"line":37,"column":38}},"38":{"start":{"line":39,"column":0},"end":{"line":39,"column":46}},"39":{"start":{"line":40,"column":0},"end":{"line":40,"column":13}},"40":{"start":{"line":41,"column":0},"end":{"line":41,"column":70}},"41":{"start":{"line":42,"column":0},"end":{"line":42,"column":36}},"42":{"start":{"line":43,"column":0},"end":{"line":43,"column":109}},"43":{"start":{"line":44,"column":0},"end":{"line":44,"column":18}},"44":{"start":{"line":45,"column":0},"end":{"line":45,"column":43}},"45":{"start":{"line":46,"column":0},"end":{"line":46,"column":48}},"46":{"start":{"line":47,"column":0},"end":{"line":47,"column":92}},"47":{"start":{"line":48,"column":0},"end":{"line":48,"column":43}},"48":{"start":{"line":49,"column":0},"end":{"line":49,"column":29}},"49":{"start":{"line":50,"column":0},"end":{"line":50,"column":23}},"53":{"start":{"line":54,"column":0},"end":{"line":54,"column":13}},"54":{"start":{"line":55,"column":0},"end":{"line":55,"column":66}},"55":{"start":{"line":56,"column":0},"end":{"line":56,"column":36}},"56":{"start":{"line":57,"column":0},"end":{"line":57,"column":108}},"57":{"start":{"line":58,"column":0},"end":{"line":58,"column":18}},"58":{"start":{"line":59,"column":0},"end":{"line":59,"column":26}},"59":{"start":{"line":60,"column":0},"end":{"line":60,"column":43}},"60":{"start":{"line":61,"column":0},"end":{"line":61,"column":45}},"61":{"start":{"line":62,"column":0},"end":{"line":62,"column":76}},"62":{"start":{"line":63,"column":0},"end":{"line":63,"column":41}},"65":{"start":{"line":66,"column":0},"end":{"line":66,"column":80}},"69":{"start":{"line":70,"column":0},"end":{"line":70,"column":56}},"72":{"start":{"line":73,"column":0},"end":{"line":73,"column":87}},"73":{"start":{"line":74,"column":0},"end":{"line":74,"column":101}},"76":{"start":{"line":77,"column":0},"end":{"line":77,"column":52}},"77":{"start":{"line":78,"column":0},"end":{"line":78,"column":38}},"81":{"start":{"line":82,"column":0},"end":{"line":82,"column":2}},"83":{"start":{"line":84,"column":0},"end":{"line":84,"column":34}}},"s":{"0":0,"1":0,"2":0,"3":0,"7":0,"8":0,"9":0,"10":0,"12":0,"13":0,"14":0,"15":0,"16":0,"17":0,"18":0,"19":0,"20":0,"22":0,"23":0,"24":0,"25":0,"26":0,"27":0,"29":0,"30":0,"31":0,"32":0,"36":0,"38":0,"39":0,"40":0,"41":0,"42":0,"43":0,"44":0,"45":0,"46":0,"47":0,"48":0,"49":0,"53":0,"54":0,"55":0,"56":0,"57":0,"58":0,"59":0,"60":0,"61":0,"62":0,"65":0,"69":0,"72":0,"73":0,"76":0,"77":0,"81":0,"83":0},"branchMap":{"0":{"type":"branch","line":1,"loc":{"start":{"line":1,"column":0},"end":{"line":84,"column":-1967}},"locations":[{"start":{"line":1,"column":0},"end":{"line":84,"column":-1967}}]}},"b":{"0":[0]},"fnMap":{"0":{"name":"(empty-report)","decl":{"start":{"line":1,"column":0},"end":{"line":84,"column":-1967}},"loc":{"start":{"line":1,"column":0},"end":{"line":84,"column":-1967}},"line":1}},"f":{"0":0}}
,"/Users/bernardobelfort/Downloads/cadus-facil-login-main/src/components/registration/StepPatientGender.tsx": {"path":"/Users/bernardobelfort/Downloads/cadus-facil-login-main/src/components/registration/StepPatientGender.tsx","all":true,"statementMap":{"0":{"start":{"line":1,"column":0},"end":{"line":1,"column":33}},"1":{"start":{"line":2,"column":0},"end":{"line":2,"column":65}},"2":{"start":{"line":3,"column":0},"end":{"line":3,"column":67}},"6":{"start":{"line":7,"column":0},"end":{"line":7,"column":23}},"7":{"start":{"line":8,"column":0},"end":{"line":8,"column":35}},"8":{"start":{"line":9,"column":0},"end":{"line":9,"column":36}},"9":{"start":{"line":10,"column":0},"end":{"line":10,"column":2}},"10":{"start":{"line":11,"column":0},"end":{"line":11,"column":25}},"11":{"start":{"line":12,"column":0},"end":{"line":12,"column":32}},"12":{"start":{"line":13,"column":0},"end":{"line":13,"column":47}},"13":{"start":{"line":14,"column":0},"end":{"line":14,"column":2}},"14":{"start":{"line":15,"column":0},"end":{"line":15,"column":69}},"16":{"start":{"line":17,"column":0},"end":{"line":17,"column":82}},"17":{"start":{"line":18,"column":0},"end":{"line":18,"column":68}},"18":{"start":{"line":19,"column":0},"end":{"line":19,"column":41}},"19":{"start":{"line":20,"column":0},"end":{"line":20,"column":53}},"20":{"start":{"line":21,"column":0},"end":{"line":21,"column":55}},"22":{"start":{"line":23,"column":0},"end":{"line":23,"column":50}},"23":{"start":{"line":24,"column":0},"end":{"line":24,"column":53}},"24":{"start":{"line":25,"column":0},"end":{"line":25,"column":93}},"26":{"start":{"line":27,"column":0},"end":{"line":27,"column":47}},"27":{"start":{"line":28,"column":0},"end":{"line":28,"column":39}},"28":{"start":{"line":29,"column":0},"end":{"line":29,"column":59}},"29":{"start":{"line":30,"column":0},"end":{"line":30,"column":57}},"30":{"start":{"line":31,"column":0},"end":{"line":31,"column":25}},"31":{"start":{"line":32,"column":0},"end":{"line":32,"column":26}},"32":{"start":{"line":33,"column":0},"end":{"line":33,"column":5}},"33":{"start":{"line":34,"column":0},"end":{"line":34,"column":17}},"34":{"start":{"line":35,"column":0},"end":{"line":35,"column":4}},"36":{"start":{"line":37,"column":0},"end":{"line":37,"column":26}},"37":{"start":{"line":38,"column":0},"end":{"line":38,"column":26}},"38":{"start":{"line":39,"column":0},"end":{"line":39,"column":50}},"39":{"start":{"line":40,"column":0},"end":{"line":40,"column":19}},"40":{"start":{"line":41,"column":0},"end":{"line":41,"column":5}},"41":{"start":{"line":42,"column":0},"end":{"line":42,"column":60}},"42":{"start":{"line":43,"column":0},"end":{"line":43,"column":62}},"43":{"start":{"line":44,"column":0},"end":{"line":44,"column":19}},"44":{"start":{"line":45,"column":0},"end":{"line":45,"column":5}},"45":{"start":{"line":46,"column":0},"end":{"line":46,"column":16}},"46":{"start":{"line":47,"column":0},"end":{"line":47,"column":4}},"48":{"start":{"line":49,"column":0},"end":{"line":49,"column":28}},"49":{"start":{"line":50,"column":0},"end":{"line":50,"column":28}},"50":{"start":{"line":51,"column":0},"end":{"line":51,"column":37}},"51":{"start":{"line":52,"column":0},"end":{"line":52,"column":68}},"52":{"start":{"line":53,"column":0},"end":{"line":53,"column":5}},"53":{"start":{"line":54,"column":0},"end":{"line":54,"column":65}},"54":{"start":{"line":55,"column":0},"end":{"line":55,"column":70}},"55":{"start":{"line":56,"column":0},"end":{"line":56,"column":5}},"56":{"start":{"line":57,"column":0},"end":{"line":57,"column":13}},"57":{"start":{"line":58,"column":0},"end":{"line":58,"column":4}},"59":{"start":{"line":60,"column":0},"end":{"line":60,"column":118}},"61":{"start":{"line":62,"column":0},"end":{"line":62,"column":10}},"62":{"start":{"line":63,"column":0},"end":{"line":63,"column":32}},"63":{"start":{"line":64,"column":0},"end":{"line":64,"column":35}},"64":{"start":{"line":65,"column":0},"end":{"line":65,"column":35}},"65":{"start":{"line":66,"column":0},"end":{"line":66,"column":51}},"66":{"start":{"line":67,"column":0},"end":{"line":67,"column":57}},"68":{"start":{"line":69,"column":0},"end":{"line":69,"column":41}},"69":{"start":{"line":70,"column":0},"end":{"line":70,"column":57}},"70":{"start":{"line":71,"column":0},"end":{"line":71,"column":38}},"71":{"start":{"line":72,"column":0},"end":{"line":72,"column":78}},"75":{"start":{"line":76,"column":0},"end":{"line":76,"column":38}},"77":{"start":{"line":78,"column":0},"end":{"line":78,"column":46}},"78":{"start":{"line":79,"column":0},"end":{"line":79,"column":13}},"79":{"start":{"line":80,"column":0},"end":{"line":80,"column":61}},"80":{"start":{"line":81,"column":0},"end":{"line":81,"column":41}},"81":{"start":{"line":82,"column":0},"end":{"line":82,"column":21}},"82":{"start":{"line":83,"column":0},"end":{"line":83,"column":31}},"83":{"start":{"line":84,"column":0},"end":{"line":84,"column":29}},"84":{"start":{"line":85,"column":0},"end":{"line":85,"column":61}},"85":{"start":{"line":86,"column":0},"end":{"line":86,"column":98}},"87":{"start":{"line":88,"column":0},"end":{"line":88,"column":41}},"88":{"start":{"line":89,"column":0},"end":{"line":89,"column":147}},"89":{"start":{"line":90,"column":0},"end":{"line":90,"column":75}},"92":{"start":{"line":93,"column":0},"end":{"line":93,"column":91}},"97":{"start":{"line":98,"column":0},"end":{"line":98,"column":64}},"98":{"start":{"line":99,"column":0},"end":{"line":99,"column":56}},"99":{"start":{"line":100,"column":0},"end":{"line":100,"column":97}},"100":{"start":{"line":101,"column":0},"end":{"line":101,"column":56}},"103":{"start":{"line":104,"column":0},"end":{"line":104,"column":61}},"104":{"start":{"line":105,"column":0},"end":{"line":105,"column":43}},"105":{"start":{"line":106,"column":0},"end":{"line":106,"column":21}},"106":{"start":{"line":107,"column":0},"end":{"line":107,"column":31}},"107":{"start":{"line":108,"column":0},"end":{"line":108,"column":29}},"108":{"start":{"line":109,"column":0},"end":{"line":109,"column":61}},"109":{"start":{"line":110,"column":0},"end":{"line":110,"column":125}},"111":{"start":{"line":112,"column":0},"end":{"line":112,"column":41}},"112":{"start":{"line":113,"column":0},"end":{"line":113,"column":147}},"113":{"start":{"line":114,"column":0},"end":{"line":114,"column":75}},"116":{"start":{"line":117,"column":0},"end":{"line":117,"column":79}},"120":{"start":{"line":121,"column":0},"end":{"line":121,"column":63}},"123":{"start":{"line":124,"column":0},"end":{"line":124,"column":29}},"124":{"start":{"line":125,"column":0},"end":{"line":125,"column":79}},"125":{"start":{"line":126,"column":0},"end":{"line":126,"column":75}},"126":{"start":{"line":127,"column":0},"end":{"line":127,"column":143}},"130":{"start":{"line":131,"column":0},"end":{"line":131,"column":24}},"131":{"start":{"line":132,"column":0},"end":{"line":132,"column":102}},"132":{"start":{"line":133,"column":0},"end":{"line":133,"column":17}},"133":{"start":{"line":134,"column":0},"end":{"line":134,"column":90}},"134":{"start":{"line":135,"column":0},"end":{"line":135,"column":65}},"135":{"start":{"line":136,"column":0},"end":{"line":136,"column":46}},"136":{"start":{"line":137,"column":0},"end":{"line":137,"column":101}},"137":{"start":{"line":138,"column":0},"end":{"line":138,"column":151}},"138":{"start":{"line":139,"column":0},"end":{"line":139,"column":25}},"142":{"start":{"line":143,"column":0},"end":{"line":143,"column":51}},"143":{"start":{"line":144,"column":0},"end":{"line":144,"column":155}},"146":{"start":{"line":147,"column":0},"end":{"line":147,"column":17}},"147":{"start":{"line":148,"column":0},"end":{"line":148,"column":75}},"148":{"start":{"line":149,"column":0},"end":{"line":149,"column":192}},"149":{"start":{"line":150,"column":0},"end":{"line":150,"column":140}},"155":{"start":{"line":156,"column":0},"end":{"line":156,"column":85}},"156":{"start":{"line":157,"column":0},"end":{"line":157,"column":101}},"159":{"start":{"line":160,"column":0},"end":{"line":160,"column":52}},"160":{"start":{"line":161,"column":0},"end":{"line":161,"column":38}},"164":{"start":{"line":165,"column":0},"end":{"line":165,"column":2}},"166":{"start":{"line":167,"column":0},"end":{"line":167,"column":33}}},"s":{"0":0,"1":0,"2":0,"6":0,"7":0,"8":0,"9":0,"10":0,"11":0,"12":0,"13":0,"14":0,"16":0,"17":0,"18":0,"19":0,"20":0,"22":0,"23":0,"24":0,"26":0,"27":0,"28":0,"29":0,"30":0,"31":0,"32":0,"33":0,"34":0,"36":0,"37":0,"38":0,"39":0,"40":0,"41":0,"42":0,"43":0,"44":0,"45":0,"46":0,"48":0,"49":0,"50":0,"51":0,"52":0,"53":0,"54":0,"55":0,"56":0,"57":0,"59":0,"61":0,"62":0,"63":0,"64":0,"65":0,"66":0,"68":0,"69":0,"70":0,"71":0,"75":0,"77":0,"78":0,"79":0,"80":0,"81":0,"82":0,"83":0,"84":0,"85":0,"87":0,"88":0,"89":0,"92":0,"97":0,"98":0,"99":0,"100":0,"103":0,"104":0,"105":0,"106":0,"107":0,"108":0,"109":0,"111":0,"112":0,"113":0,"116":0,"120":0,"123":0,"124":0,"125":0,"126":0,"130":0,"131":0,"132":0,"133":0,"134":0,"135":0,"136":0,"137":0,"138":0,"142":0,"143":0,"146":0,"147":0,"148":0,"149":0,"155":0,"156":0,"159":0,"160":0,"164":0,"166":0},"branchMap":{"0":{"type":"branch","line":1,"loc":{"start":{"line":1,"column":0},"end":{"line":167,"column":-4170}},"locations":[{"start":{"line":1,"column":0},"end":{"line":167,"column":-4170}}]}},"b":{"0":[0]},"fnMap":{"0":{"name":"(empty-report)","decl":{"start":{"line":1,"column":0},"end":{"line":167,"column":-4170}},"loc":{"start":{"line":1,"column":0},"end":{"line":167,"column":-4170}},"line":1}},"f":{"0":0}}
,"/Users/bernardobelfort/Downloads/cadus-facil-login-main/src/components/registration/StepPatientName.tsx": {"path":"/Users/bernardobelfort/Downloads/cadus-facil-login-main/src/components/registration/StepPatientName.tsx","all":true,"statementMap":{"0":{"start":{"line":1,"column":0},"end":{"line":1,"column":33}},"1":{"start":{"line":2,"column":0},"end":{"line":2,"column":65}},"2":{"start":{"line":3,"column":0},"end":{"line":3,"column":41}},"3":{"start":{"line":4,"column":0},"end":{"line":4,"column":64}},"7":{"start":{"line":8,"column":0},"end":{"line":8,"column":80}},"8":{"start":{"line":9,"column":0},"end":{"line":9,"column":68}},"9":{"start":{"line":10,"column":0},"end":{"line":10,"column":41}},"11":{"start":{"line":12,"column":0},"end":{"line":12,"column":43}},"12":{"start":{"line":13,"column":0},"end":{"line":13,"column":51}},"13":{"start":{"line":14,"column":0},"end":{"line":14,"column":4}},"15":{"start":{"line":16,"column":0},"end":{"line":16,"column":30}},"16":{"start":{"line":17,"column":0},"end":{"line":17,"column":85}},"17":{"start":{"line":18,"column":0},"end":{"line":18,"column":56}},"18":{"start":{"line":19,"column":0},"end":{"line":19,"column":13}},"19":{"start":{"line":20,"column":0},"end":{"line":20,"column":5}},"20":{"start":{"line":21,"column":0},"end":{"line":21,"column":17}},"21":{"start":{"line":22,"column":0},"end":{"line":22,"column":13}},"22":{"start":{"line":23,"column":0},"end":{"line":23,"column":4}},"24":{"start":{"line":25,"column":0},"end":{"line":25,"column":10}},"25":{"start":{"line":26,"column":0},"end":{"line":26,"column":32}},"26":{"start":{"line":27,"column":0},"end":{"line":27,"column":35}},"27":{"start":{"line":28,"column":0},"end":{"line":28,"column":35}},"28":{"start":{"line":29,"column":0},"end":{"line":29,"column":55}},"29":{"start":{"line":30,"column":0},"end":{"line":30,"column":61}},"31":{"start":{"line":32,"column":0},"end":{"line":32,"column":36}},"32":{"start":{"line":33,"column":0},"end":{"line":33,"column":49}},"33":{"start":{"line":34,"column":0},"end":{"line":34,"column":38}},"34":{"start":{"line":35,"column":0},"end":{"line":35,"column":78}},"38":{"start":{"line":39,"column":0},"end":{"line":39,"column":38}},"40":{"start":{"line":41,"column":0},"end":{"line":41,"column":11}},"41":{"start":{"line":42,"column":0},"end":{"line":42,"column":34}},"42":{"start":{"line":43,"column":0},"end":{"line":43,"column":111}},"43":{"start":{"line":44,"column":0},"end":{"line":44,"column":16}},"44":{"start":{"line":45,"column":0},"end":{"line":45,"column":74}},"45":{"start":{"line":46,"column":0},"end":{"line":46,"column":42}},"46":{"start":{"line":47,"column":0},"end":{"line":47,"column":58}},"47":{"start":{"line":48,"column":0},"end":{"line":48,"column":43}},"48":{"start":{"line":49,"column":0},"end":{"line":49,"column":21}},"51":{"start":{"line":52,"column":0},"end":{"line":52,"column":73}},"54":{"start":{"line":55,"column":0},"end":{"line":55,"column":87}},"55":{"start":{"line":56,"column":0},"end":{"line":56,"column":101}},"58":{"start":{"line":59,"column":0},"end":{"line":59,"column":52}},"59":{"start":{"line":60,"column":0},"end":{"line":60,"column":38}},"63":{"start":{"line":64,"column":0},"end":{"line":64,"column":2}},"65":{"start":{"line":66,"column":0},"end":{"line":66,"column":31}}},"s":{"0":0,"1":0,"2":0,"3":0,"7":0,"8":0,"9":0,"11":0,"12":0,"13":0,"15":0,"16":0,"17":0,"18":0,"19":0,"20":0,"21":0,"22":0,"24":0,"25":0,"26":0,"27":0,"28":0,"29":0,"31":0,"32":0,"33":0,"34":0,"38":0,"40":0,"41":0,"42":0,"43":0,"44":0,"45":0,"46":0,"47":0,"48":0,"51":0,"54":0,"55":0,"58":0,"59":0,"63":0,"65":0},"branchMap":{"0":{"type":"branch","line":1,"loc":{"start":{"line":1,"column":0},"end":{"line":66,"column":-1196}},"locations":[{"start":{"line":1,"column":0},"end":{"line":66,"column":-1196}}]}},"b":{"0":[0]},"fnMap":{"0":{"name":"(empty-report)","decl":{"start":{"line":1,"column":0},"end":{"line":66,"column":-1196}},"loc":{"start":{"line":1,"column":0},"end":{"line":66,"column":-1196}},"line":1}},"f":{"0":0}}
,"/Users/bernardobelfort/Downloads/cadus-facil-login-main/src/components/registration/StepPatientPersonal.tsx": {"path":"/Users/bernardobelfort/Downloads/cadus-facil-login-main/src/components/registration/StepPatientPersonal.tsx","all":true,"statementMap":{"0":{"start":{"line":1,"column":0},"end":{"line":1,"column":33}},"1":{"start":{"line":2,"column":0},"end":{"line":2,"column":65}},"2":{"start":{"line":3,"column":0},"end":{"line":3,"column":66}},"3":{"start":{"line":4,"column":0},"end":{"line":4,"column":53}},"7":{"start":{"line":8,"column":0},"end":{"line":8,"column":60}},"8":{"start":{"line":9,"column":0},"end":{"line":9,"column":68}},"9":{"start":{"line":10,"column":0},"end":{"line":10,"column":67}},"11":{"start":{"line":12,"column":0},"end":{"line":12,"column":26}},"12":{"start":{"line":13,"column":0},"end":{"line":13,"column":41}},"13":{"start":{"line":14,"column":0},"end":{"line":14,"column":84}},"14":{"start":{"line":15,"column":0},"end":{"line":15,"column":103}},"15":{"start":{"line":16,"column":0},"end":{"line":16,"column":101}},"16":{"start":{"line":17,"column":0},"end":{"line":17,"column":74}},"17":{"start":{"line":18,"column":0},"end":{"line":18,"column":85}},"18":{"start":{"line":19,"column":0},"end":{"line":19,"column":60}},"19":{"start":{"line":20,"column":0},"end":{"line":20,"column":17}},"20":{"start":{"line":21,"column":0},"end":{"line":21,"column":39}},"21":{"start":{"line":22,"column":0},"end":{"line":22,"column":4}},"23":{"start":{"line":24,"column":0},"end":{"line":24,"column":59}},"25":{"start":{"line":26,"column":0},"end":{"line":26,"column":80}},"27":{"start":{"line":28,"column":0},"end":{"line":28,"column":10}},"28":{"start":{"line":29,"column":0},"end":{"line":29,"column":32}},"29":{"start":{"line":30,"column":0},"end":{"line":30,"column":102}},"30":{"start":{"line":31,"column":0},"end":{"line":31,"column":111}},"32":{"start":{"line":33,"column":0},"end":{"line":33,"column":33}},"33":{"start":{"line":34,"column":0},"end":{"line":34,"column":13}},"34":{"start":{"line":35,"column":0},"end":{"line":35,"column":68}},"35":{"start":{"line":36,"column":0},"end":{"line":36,"column":16}},"36":{"start":{"line":37,"column":0},"end":{"line":37,"column":35}},"37":{"start":{"line":38,"column":0},"end":{"line":38,"column":42}},"38":{"start":{"line":39,"column":0},"end":{"line":39,"column":73}},"39":{"start":{"line":40,"column":0},"end":{"line":40,"column":52}},"41":{"start":{"line":42,"column":0},"end":{"line":42,"column":70}},"44":{"start":{"line":45,"column":0},"end":{"line":45,"column":13}},"45":{"start":{"line":46,"column":0},"end":{"line":46,"column":58}},"46":{"start":{"line":47,"column":0},"end":{"line":47,"column":16}},"47":{"start":{"line":48,"column":0},"end":{"line":48,"column":35}},"48":{"start":{"line":49,"column":0},"end":{"line":49,"column":41}},"49":{"start":{"line":50,"column":0},"end":{"line":50,"column":83}},"50":{"start":{"line":51,"column":0},"end":{"line":51,"column":40}},"51":{"start":{"line":52,"column":0},"end":{"line":52,"column":31}},"53":{"start":{"line":54,"column":0},"end":{"line":54,"column":68}},"56":{"start":{"line":57,"column":0},"end":{"line":57,"column":13}},"57":{"start":{"line":58,"column":0},"end":{"line":58,"column":73}},"58":{"start":{"line":59,"column":0},"end":{"line":59,"column":16}},"59":{"start":{"line":60,"column":0},"end":{"line":60,"column":23}},"60":{"start":{"line":61,"column":0},"end":{"line":61,"column":35}},"61":{"start":{"line":62,"column":0},"end":{"line":62,"column":52}},"62":{"start":{"line":63,"column":0},"end":{"line":63,"column":83}},"64":{"start":{"line":65,"column":0},"end":{"line":65,"column":90}},"67":{"start":{"line":68,"column":0},"end":{"line":68,"column":13}},"68":{"start":{"line":69,"column":0},"end":{"line":69,"column":75}},"69":{"start":{"line":70,"column":0},"end":{"line":70,"column":50}},"70":{"start":{"line":71,"column":0},"end":{"line":71,"column":38}},"71":{"start":{"line":72,"column":0},"end":{"line":72,"column":21}},"72":{"start":{"line":73,"column":0},"end":{"line":73,"column":25}},"73":{"start":{"line":74,"column":0},"end":{"line":74,"column":29}},"74":{"start":{"line":75,"column":0},"end":{"line":75,"column":66}},"75":{"start":{"line":76,"column":0},"end":{"line":76,"column":115}},"76":{"start":{"line":77,"column":0},"end":{"line":77,"column":44}},"77":{"start":{"line":78,"column":0},"end":{"line":78,"column":74}},"78":{"start":{"line":79,"column":0},"end":{"line":79,"column":102}},"79":{"start":{"line":80,"column":0},"end":{"line":80,"column":19}},"81":{"start":{"line":82,"column":0},"end":{"line":82,"column":21}},"85":{"start":{"line":86,"column":0},"end":{"line":86,"column":74}},"88":{"start":{"line":89,"column":0},"end":{"line":89,"column":13}},"89":{"start":{"line":90,"column":0},"end":{"line":90,"column":74}},"90":{"start":{"line":91,"column":0},"end":{"line":91,"column":16}},"91":{"start":{"line":92,"column":0},"end":{"line":92,"column":35}},"92":{"start":{"line":93,"column":0},"end":{"line":93,"column":46}},"93":{"start":{"line":94,"column":0},"end":{"line":94,"column":90}},"94":{"start":{"line":95,"column":0},"end":{"line":95,"column":41}},"95":{"start":{"line":96,"column":0},"end":{"line":96,"column":27}},"97":{"start":{"line":98,"column":0},"end":{"line":98,"column":78}},"100":{"start":{"line":101,"column":0},"end":{"line":101,"column":13}},"101":{"start":{"line":102,"column":0},"end":{"line":102,"column":70}},"102":{"start":{"line":103,"column":0},"end":{"line":103,"column":16}},"103":{"start":{"line":104,"column":0},"end":{"line":104,"column":24}},"104":{"start":{"line":105,"column":0},"end":{"line":105,"column":35}},"105":{"start":{"line":106,"column":0},"end":{"line":106,"column":43}},"106":{"start":{"line":107,"column":0},"end":{"line":107,"column":74}},"107":{"start":{"line":108,"column":0},"end":{"line":108,"column":39}},"109":{"start":{"line":110,"column":0},"end":{"line":110,"column":60}},"115":{"start":{"line":116,"column":0},"end":{"line":116,"column":39}},"116":{"start":{"line":117,"column":0},"end":{"line":117,"column":64}},"117":{"start":{"line":118,"column":0},"end":{"line":118,"column":40}},"119":{"start":{"line":120,"column":0},"end":{"line":120,"column":70}},"120":{"start":{"line":121,"column":0},"end":{"line":121,"column":44}},"125":{"start":{"line":126,"column":0},"end":{"line":126,"column":2}},"127":{"start":{"line":128,"column":0},"end":{"line":128,"column":35}}},"s":{"0":0,"1":0,"2":0,"3":0,"7":0,"8":0,"9":0,"11":0,"12":0,"13":0,"14":0,"15":0,"16":0,"17":0,"18":0,"19":0,"20":0,"21":0,"23":0,"25":0,"27":0,"28":0,"29":0,"30":0,"32":0,"33":0,"34":0,"35":0,"36":0,"37":0,"38":0,"39":0,"41":0,"44":0,"45":0,"46":0,"47":0,"48":0,"49":0,"50":0,"51":0,"53":0,"56":0,"57":0,"58":0,"59":0,"60":0,"61":0,"62":0,"64":0,"67":0,"68":0,"69":0,"70":0,"71":0,"72":0,"73":0,"74":0,"75":0,"76":0,"77":0,"78":0,"79":0,"81":0,"85":0,"88":0,"89":0,"90":0,"91":0,"92":0,"93":0,"94":0,"95":0,"97":0,"100":0,"101":0,"102":0,"103":0,"104":0,"105":0,"106":0,"107":0,"109":0,"115":0,"116":0,"117":0,"119":0,"120":0,"125":0,"127":0},"branchMap":{"0":{"type":"branch","line":1,"loc":{"start":{"line":1,"column":5030},"end":{"line":128,"column":35}},"locations":[{"start":{"line":1,"column":5030},"end":{"line":128,"column":35}}]}},"b":{"0":[0]},"fnMap":{"0":{"name":"(empty-report)","decl":{"start":{"line":1,"column":5030},"end":{"line":128,"column":35}},"loc":{"start":{"line":1,"column":5030},"end":{"line":128,"column":35}},"line":1}},"f":{"0":0}}
,"/Users/bernardobelfort/Downloads/cadus-facil-login-main/src/components/registration/StepPatientSus.tsx": {"path":"/Users/bernardobelfort/Downloads/cadus-facil-login-main/src/components/registration/StepPatientSus.tsx","all":true,"statementMap":{"0":{"start":{"line":1,"column":0},"end":{"line":1,"column":33}},"1":{"start":{"line":2,"column":0},"end":{"line":2,"column":65}},"2":{"start":{"line":3,"column":0},"end":{"line":3,"column":83}},"6":{"start":{"line":7,"column":0},"end":{"line":7,"column":27}},"7":{"start":{"line":8,"column":0},"end":{"line":8,"column":25}},"8":{"start":{"line":9,"column":0},"end":{"line":9,"column":21}},"9":{"start":{"line":10,"column":0},"end":{"line":10,"column":26}},"10":{"start":{"line":11,"column":0},"end":{"line":11,"column":10}},"11":{"start":{"line":12,"column":0},"end":{"line":12,"column":2}},"13":{"start":{"line":14,"column":0},"end":{"line":14,"column":79}},"14":{"start":{"line":15,"column":0},"end":{"line":15,"column":68}},"15":{"start":{"line":16,"column":0},"end":{"line":16,"column":41}},"17":{"start":{"line":18,"column":0},"end":{"line":18,"column":30}},"18":{"start":{"line":19,"column":0},"end":{"line":19,"column":34}},"19":{"start":{"line":20,"column":0},"end":{"line":20,"column":58}},"20":{"start":{"line":21,"column":0},"end":{"line":21,"column":13}},"21":{"start":{"line":22,"column":0},"end":{"line":22,"column":5}},"22":{"start":{"line":23,"column":0},"end":{"line":23,"column":17}},"23":{"start":{"line":24,"column":0},"end":{"line":24,"column":13}},"24":{"start":{"line":25,"column":0},"end":{"line":25,"column":4}},"26":{"start":{"line":27,"column":0},"end":{"line":27,"column":10}},"27":{"start":{"line":28,"column":0},"end":{"line":28,"column":32}},"28":{"start":{"line":29,"column":0},"end":{"line":29,"column":35}},"29":{"start":{"line":30,"column":0},"end":{"line":30,"column":35}},"30":{"start":{"line":31,"column":0},"end":{"line":31,"column":55}},"31":{"start":{"line":32,"column":0},"end":{"line":32,"column":61}},"33":{"start":{"line":34,"column":0},"end":{"line":34,"column":35}},"34":{"start":{"line":35,"column":0},"end":{"line":35,"column":64}},"35":{"start":{"line":36,"column":0},"end":{"line":36,"column":38}},"36":{"start":{"line":37,"column":0},"end":{"line":37,"column":78}},"40":{"start":{"line":41,"column":0},"end":{"line":41,"column":38}},"42":{"start":{"line":43,"column":0},"end":{"line":43,"column":46}},"43":{"start":{"line":44,"column":0},"end":{"line":44,"column":13}},"44":{"start":{"line":45,"column":0},"end":{"line":45,"column":70}},"45":{"start":{"line":46,"column":0},"end":{"line":46,"column":36}},"46":{"start":{"line":47,"column":0},"end":{"line":47,"column":114}},"47":{"start":{"line":48,"column":0},"end":{"line":48,"column":18}},"48":{"start":{"line":49,"column":0},"end":{"line":49,"column":43}},"49":{"start":{"line":50,"column":0},"end":{"line":50,"column":49}},"50":{"start":{"line":51,"column":0},"end":{"line":51,"column":112}},"51":{"start":{"line":52,"column":0},"end":{"line":52,"column":48}},"52":{"start":{"line":53,"column":0},"end":{"line":53,"column":33}},"57":{"start":{"line":58,"column":0},"end":{"line":58,"column":13}},"58":{"start":{"line":59,"column":0},"end":{"line":59,"column":71}},"59":{"start":{"line":60,"column":0},"end":{"line":60,"column":61}},"60":{"start":{"line":61,"column":0},"end":{"line":61,"column":45}},"61":{"start":{"line":62,"column":0},"end":{"line":62,"column":21}},"62":{"start":{"line":63,"column":0},"end":{"line":63,"column":25}},"63":{"start":{"line":64,"column":0},"end":{"line":64,"column":29}},"64":{"start":{"line":65,"column":0},"end":{"line":65,"column":70}},"65":{"start":{"line":66,"column":0},"end":{"line":66,"column":149}},"67":{"start":{"line":68,"column":0},"end":{"line":68,"column":52}},"68":{"start":{"line":69,"column":0},"end":{"line":69,"column":123}},"69":{"start":{"line":70,"column":0},"end":{"line":70,"column":75}},"72":{"start":{"line":73,"column":0},"end":{"line":73,"column":21}},"78":{"start":{"line":79,"column":0},"end":{"line":79,"column":13}},"79":{"start":{"line":80,"column":0},"end":{"line":80,"column":65}},"80":{"start":{"line":81,"column":0},"end":{"line":81,"column":18}},"81":{"start":{"line":82,"column":0},"end":{"line":82,"column":29}},"82":{"start":{"line":83,"column":0},"end":{"line":83,"column":59}},"83":{"start":{"line":84,"column":0},"end":{"line":84,"column":157}},"84":{"start":{"line":85,"column":0},"end":{"line":85,"column":82}},"86":{"start":{"line":87,"column":0},"end":{"line":87,"column":49}},"88":{"start":{"line":89,"column":0},"end":{"line":89,"column":42}},"89":{"start":{"line":90,"column":0},"end":{"line":90,"column":18}},"90":{"start":{"line":91,"column":0},"end":{"line":91,"column":74}},"91":{"start":{"line":92,"column":0},"end":{"line":92,"column":47}},"92":{"start":{"line":93,"column":0},"end":{"line":93,"column":55}},"93":{"start":{"line":94,"column":0},"end":{"line":94,"column":86}},"98":{"start":{"line":99,"column":0},"end":{"line":99,"column":56}},"101":{"start":{"line":102,"column":0},"end":{"line":102,"column":87}},"102":{"start":{"line":103,"column":0},"end":{"line":103,"column":101}},"105":{"start":{"line":106,"column":0},"end":{"line":106,"column":52}},"106":{"start":{"line":107,"column":0},"end":{"line":107,"column":38}},"110":{"start":{"line":111,"column":0},"end":{"line":111,"column":2}},"112":{"start":{"line":113,"column":0},"end":{"line":113,"column":30}}},"s":{"0":0,"1":0,"2":0,"6":0,"7":0,"8":0,"9":0,"10":0,"11":0,"13":0,"14":0,"15":0,"17":0,"18":0,"19":0,"20":0,"21":0,"22":0,"23":0,"24":0,"26":0,"27":0,"28":0,"29":0,"30":0,"31":0,"33":0,"34":0,"35":0,"36":0,"40":0,"42":0,"43":0,"44":0,"45":0,"46":0,"47":0,"48":0,"49":0,"50":0,"51":0,"52":0,"57":0,"58":0,"59":0,"60":0,"61":0,"62":0,"63":0,"64":0,"65":0,"67":0,"68":0,"69":0,"72":0,"78":0,"79":0,"80":0,"81":0,"82":0,"83":0,"84":0,"86":0,"88":0,"89":0,"90":0,"91":0,"92":0,"93":0,"98":0,"101":0,"102":0,"105":0,"106":0,"110":0,"112":0},"branchMap":{"0":{"type":"branch","line":1,"loc":{"start":{"line":1,"column":4178},"end":{"line":113,"column":30}},"locations":[{"start":{"line":1,"column":4178},"end":{"line":113,"column":30}}]}},"b":{"0":[0]},"fnMap":{"0":{"name":"(empty-report)","decl":{"start":{"line":1,"column":4178},"end":{"line":113,"column":30}},"loc":{"start":{"line":1,"column":4178},"end":{"line":113,"column":30}},"line":1}},"f":{"0":0}}
[...]
e":2,"column":64}},"2":{"start":{"line":3,"column":0},"end":{"line":3,"column":56}},"3":{"start":{"line":4,"column":0},"end":{"line":4,"column":65}},"4":{"start":{"line":5,"column":0},"end":{"line":5,"column":64}},"5":{"start":{"line":6,"column":0},"end":{"line":6,"column":72}},"6":{"start":{"line":7,"column":0},"end":{"line":7,"column":70}},"7":{"start":{"line":8,"column":0},"end":{"line":8,"column":82}},"8":{"start":{"line":9,"column":0},"end":{"line":9,"column":76}},"9":{"start":{"line":10,"column":0},"end":{"line":10,"column":78}},"10":{"start":{"line":11,"column":0},"end":{"line":11,"column":78}},"11":{"start":{"line":12,"column":0},"end":{"line":12,"column":70}},"12":{"start":{"line":13,"column":0},"end":{"line":13,"column":82}},"13":{"start":{"line":14,"column":0},"end":{"line":14,"column":76}},"14":{"start":{"line":15,"column":0},"end":{"line":15,"column":74}},"15":{"start":{"line":16,"column":0},"end":{"line":16,"column":70}},"16":{"start":{"line":17,"column":0},"end":{"line":17,"column":70}},"17":{"start":{"line":18,"column":0},"end":{"line":18,"column":68}},"18":{"start":{"line":19,"column":0},"end":{"line":19,"column":40}},"19":{"start":{"line":20,"column":0},"end":{"line":20,"column":41}},"21":{"start":{"line":22,"column":0},"end":{"line":22,"column":24}},"22":{"start":{"line":23,"column":0},"end":{"line":23,"column":20}},"24":{"start":{"line":25,"column":0},"end":{"line":25,"column":28}},"25":{"start":{"line":26,"column":0},"end":{"line":26,"column":43}},"26":{"start":{"line":27,"column":0},"end":{"line":27,"column":33}},"27":{"start":{"line":28,"column":0},"end":{"line":28,"column":94}},"28":{"start":{"line":29,"column":0},"end":{"line":29,"column":56}},"29":{"start":{"line":30,"column":0},"end":{"line":30,"column":48}},"31":{"start":{"line":32,"column":0},"end":{"line":32,"column":19}},"32":{"start":{"line":33,"column":0},"end":{"line":33,"column":47}},"33":{"start":{"line":34,"column":0},"end":{"line":34,"column":67}},"34":{"start":{"line":35,"column":0},"end":{"line":35,"column":25}},"35":{"start":{"line":36,"column":0},"end":{"line":36,"column":47}},"36":{"start":{"line":37,"column":0},"end":{"line":37,"column":5}},"37":{"start":{"line":38,"column":0},"end":{"line":38,"column":9}},"39":{"start":{"line":40,"column":0},"end":{"line":40,"column":72}},"40":{"start":{"line":41,"column":0},"end":{"line":41,"column":33}},"42":{"start":{"line":43,"column":0},"end":{"line":43,"column":24}},"43":{"start":{"line":44,"column":0},"end":{"line":44,"column":20}},"44":{"start":{"line":45,"column":0},"end":{"line":45,"column":35}},"45":{"start":{"line":46,"column":0},"end":{"line":46,"column":38}},"46":{"start":{"line":47,"column":0},"end":{"line":47,"column":12}},"47":{"start":{"line":48,"column":0},"end":{"line":48,"column":27}},"48":{"start":{"line":49,"column":0},"end":{"line":49,"column":5}},"49":{"start":{"line":50,"column":0},"end":{"line":50,"column":4}},"51":{"start":{"line":52,"column":0},"end":{"line":52,"column":24}},"52":{"start":{"line":53,"column":0},"end":{"line":53,"column":21}},"53":{"start":{"line":54,"column":0},"end":{"line":54,"column":26}},"54":{"start":{"line":55,"column":0},"end":{"line":55,"column":38}},"55":{"start":{"line":56,"column":0},"end":{"line":56,"column":38}},"56":{"start":{"line":57,"column":0},"end":{"line":57,"column":22}},"57":{"start":{"line":58,"column":0},"end":{"line":58,"column":7}},"58":{"start":{"line":59,"column":0},"end":{"line":59,"column":12}},"59":{"start":{"line":60,"column":0},"end":{"line":60,"column":20}},"60":{"start":{"line":61,"column":0},"end":{"line":61,"column":5}},"61":{"start":{"line":62,"column":0},"end":{"line":62,"column":4}},"63":{"start":{"line":64,"column":0},"end":{"line":64,"column":36}},"64":{"start":{"line":65,"column":0},"end":{"line":65,"column":29}},"65":{"start":{"line":66,"column":0},"end":{"line":66,"column":3}},"67":{"start":{"line":68,"column":0},"end":{"line":68,"column":28}},"68":{"start":{"line":69,"column":0},"end":{"line":69,"column":42}},"69":{"start":{"line":70,"column":0},"end":{"line":70,"column":66}},"70":{"start":{"line":71,"column":0},"end":{"line":71,"column":30}},"71":{"start":{"line":72,"column":0},"end":{"line":72,"column":28}},"72":{"start":{"line":73,"column":0},"end":{"line":73,"column":83}},"73":{"start":{"line":74,"column":0},"end":{"line":74,"column":82}},"74":{"start":{"line":75,"column":0},"end":{"line":75,"column":88}},"75":{"start":{"line":76,"column":0},"end":{"line":76,"column":85}},"76":{"start":{"line":77,"column":0},"end":{"line":77,"column":86}},"77":{"start":{"line":78,"column":0},"end":{"line":78,"column":86}},"78":{"start":{"line":79,"column":0},"end":{"line":79,"column":82}},"79":{"start":{"line":80,"column":0},"end":{"line":80,"column":88}},"80":{"start":{"line":81,"column":0},"end":{"line":81,"column":86}},"81":{"start":{"line":82,"column":0},"end":{"line":82,"column":7}},"82":{"start":{"line":83,"column":0},"end":{"line":83,"column":5}},"83":{"start":{"line":84,"column":0},"end":{"line":84,"column":34}},"84":{"start":{"line":85,"column":0},"end":{"line":85,"column":28}},"85":{"start":{"line":86,"column":0},"end":{"line":86,"column":84}},"86":{"start":{"line":87,"column":0},"end":{"line":87,"column":82}},"87":{"start":{"line":88,"column":0},"end":{"line":88,"column":82}},"88":{"start":{"line":89,"column":0},"end":{"line":89,"column":7}},"89":{"start":{"line":90,"column":0},"end":{"line":90,"column":5}},"90":{"start":{"line":91,"column":0},"end":{"line":91,"column":16}},"91":{"start":{"line":92,"column":0},"end":{"line":92,"column":4}},"93":{"start":{"line":94,"column":0},"end":{"line":94,"column":52}},"95":{"start":{"line":96,"column":0},"end":{"line":96,"column":10}},"96":{"start":{"line":97,"column":0},"end":{"line":97,"column":73}},"98":{"start":{"line":99,"column":0},"end":{"line":99,"column":43}},"99":{"start":{"line":100,"column":0},"end":{"line":100,"column":50}},"100":{"start":{"line":101,"column":0},"end":{"line":101,"column":192}},"101":{"start":{"line":102,"column":0},"end":{"line":102,"column":13}},"102":{"start":{"line":103,"column":0},"end":{"line":103,"column":66}},"103":{"start":{"line":104,"column":0},"end":{"line":104,"column":101}},"104":{"start":{"line":105,"column":0},"end":{"line":105,"column":37}},"105":{"start":{"line":106,"column":0},"end":{"line":106,"column":13}},"109":{"start":{"line":110,"column":0},"end":{"line":110,"column":75}},"110":{"start":{"line":111,"column":0},"end":{"line":111,"column":44}},"111":{"start":{"line":112,"column":0},"end":{"line":112,"column":37}},"112":{"start":{"line":113,"column":0},"end":{"line":113,"column":42}},"113":{"start":{"line":114,"column":0},"end":{"line":114,"column":9}},"114":{"start":{"line":115,"column":0},"end":{"line":115,"column":82}},"115":{"start":{"line":116,"column":0},"end":{"line":116,"column":207}},"116":{"start":{"line":117,"column":0},"end":{"line":117,"column":35}},"118":{"start":{"line":119,"column":0},"end":{"line":119,"column":104}},"119":{"start":{"line":120,"column":0},"end":{"line":120,"column":58}},"121":{"start":{"line":122,"column":0},"end":{"line":122,"column":39}},"124":{"start":{"line":125,"column":0},"end":{"line":125,"column":42}},"125":{"start":{"line":126,"column":0},"end":{"line":126,"column":14}},"126":{"start":{"line":127,"column":0},"end":{"line":127,"column":82}},"127":{"start":{"line":128,"column":0},"end":{"line":128,"column":20}},"128":{"start":{"line":129,"column":0},"end":{"line":129,"column":36}},"129":{"start":{"line":130,"column":0},"end":{"line":130,"column":90}},"130":{"start":{"line":131,"column":0},"end":{"line":131,"column":14}},"136":{"start":{"line":137,"column":0},"end":{"line":137,"column":113}},"137":{"start":{"line":138,"column":0},"end":{"line":138,"column":60}},"138":{"start":{"line":139,"column":0},"end":{"line":139,"column":58}},"139":{"start":{"line":140,"column":0},"end":{"line":140,"column":23}},"140":{"start":{"line":141,"column":0},"end":{"line":141,"column":44}},"141":{"start":{"line":142,"column":0},"end":{"line":142,"column":32}},"142":{"start":{"line":143,"column":0},"end":{"line":143,"column":70}},"143":{"start":{"line":144,"column":0},"end":{"line":144,"column":54}},"144":{"start":{"line":145,"column":0},"end":{"line":145,"column":68}},"145":{"start":{"line":146,"column":0},"end":{"line":146,"column":70}},"147":{"start":{"line":148,"column":0},"end":{"line":148,"column":28}},"154":{"start":{"line":155,"column":0},"end":{"line":155,"column":2}},"156":{"start":{"line":157,"column":0},"end":{"line":157,"column":28}}},"s":{"0":0,"1":0,"2":0,"3":0,"4":0,"5":0,"6":0,"7":0,"8":0,"9":0,"10":0,"11":0,"12":0,"13":0,"14":0,"15":0,"16":0,"17":0,"18":0,"19":0,"21":0,"22":0,"24":0,"25":0,"26":0,"27":0,"28":0,"29":0,"31":0,"32":0,"33":0,"34":0,"35":0,"36":0,"37":0,"39":0,"40":0,"42":0,"43":0,"44":0,"45":0,"46":0,"47":0,"48":0,"49":0,"51":0,"52":0,"53":0,"54":0,"55":0,"56":0,"57":0,"58":0,"59":0,"60":0,"61":0,"63":0,"64":0,"65":0,"67":0,"68":0,"69":0,"70":0,"71":0,"72":0,"73":0,"74":0,"75":0,"76":0,"77":0,"78":0,"79":0,"80":0,"81":0,"82":0,"83":0,"84":0,"85":0,"86":0,"87":0,"88":0,"89":0,"90":0,"91":0,"93":0,"95":0,"96":0,"98":0,"99":0,"100":0,"101":0,"102":0,"103":0,"104":0,"105":0,"109":0,"110":0,"111":0,"112":0,"113":0,"114":0,"115":0,"116":0,"118":0,"119":0,"121":0,"124":0,"125":0,"126":0,"127":0,"128":0,"129":0,"130":0,"136":0,"137":0,"138":0,"139":0,"140":0,"141":0,"142":0,"143":0,"144":0,"145":0,"147":0,"154":0,"156":0},"branchMap":{"0":{"type":"branch","line":1,"loc":{"start":{"line":1,"column":0},"end":{"line":157,"column":-3605}},"locations":[{"start":{"line":1,"column":0},"end":{"line":157,"column":-3605}}]}},"b":{"0":[0]},"fnMap":{"0":{"name":"(empty-report)","decl":{"start":{"line":1,"column":0},"end":{"line":157,"column":-3605}},"loc":{"start":{"line":1,"column":0},"end":{"line":157,"column":-3605}},"line":1}},"f":{"0":0}}
,"/Users/bernardobelfort/Downloads/cadus-facil-login-main/src/store/registrationStore.ts": {"path":"/Users/bernardobelfort/Downloads/cadus-facil-login-main/src/store/registrationStore.ts","all":false,"statementMap":{"0":{"start":{"line":1,"column":0},"end":{"line":1,"column":33}},"58":{"start":{"line":59,"column":0},"end":{"line":59,"column":64}},"59":{"start":{"line":60,"column":0},"end":{"line":60,"column":10}},"60":{"start":{"line":61,"column":0},"end":{"line":61,"column":20}},"61":{"start":{"line":62,"column":0},"end":{"line":62,"column":17}},"62":{"start":{"line":63,"column":0},"end":{"line":63,"column":21}},"63":{"start":{"line":64,"column":0},"end":{"line":64,"column":22}},"64":{"start":{"line":65,"column":0},"end":{"line":65,"column":27}},"65":{"start":{"line":66,"column":0},"end":{"line":66,"column":26}},"66":{"start":{"line":67,"column":0},"end":{"line":67,"column":27}},"67":{"start":{"line":68,"column":0},"end":{"line":68,"column":39}},"68":{"start":{"line":69,"column":0},"end":{"line":69,"column":59}},"69":{"start":{"line":70,"column":0},"end":{"line":70,"column":34}},"70":{"start":{"line":71,"column":0},"end":{"line":71,"column":77}},"71":{"start":{"line":72,"column":0},"end":{"line":72,"column":39}},"72":{"start":{"line":73,"column":0},"end":{"line":73,"column":87}},"73":{"start":{"line":74,"column":0},"end":{"line":74,"column":33}},"74":{"start":{"line":75,"column":0},"end":{"line":75,"column":77}},"75":{"start":{"line":76,"column":0},"end":{"line":76,"column":18}},"76":{"start":{"line":77,"column":0},"end":{"line":77,"column":13}},"77":{"start":{"line":78,"column":0},"end":{"line":78,"column":21}},"78":{"start":{"line":79,"column":0},"end":{"line":79,"column":25}},"79":{"start":{"line":80,"column":0},"end":{"line":80,"column":26}},"80":{"start":{"line":81,"column":0},"end":{"line":81,"column":31}},"81":{"start":{"line":82,"column":0},"end":{"line":82,"column":30}},"82":{"start":{"line":83,"column":0},"end":{"line":83,"column":31}},"83":{"start":{"line":84,"column":0},"end":{"line":84,"column":11}},"84":{"start":{"line":85,"column":0},"end":{"line":85,"column":7}},"85":{"start":{"line":86,"column":0},"end":{"line":86,"column":34}},"89":{"start":{"line":90,"column":0},"end":{"line":90,"column":43}},"90":{"start":{"line":91,"column":0},"end":{"line":91,"column":29}},"91":{"start":{"line":92,"column":0},"end":{"line":92,"column":3}},"92":{"start":{"line":93,"column":0},"end":{"line":93,"column":12}},"93":{"start":{"line":94,"column":0},"end":{"line":94,"column":35}},"94":{"start":{"line":95,"column":0},"end":{"line":95,"column":26}},"95":{"start":{"line":96,"column":0},"end":{"line":96,"column":32}},"96":{"start":{"line":97,"column":0},"end":{"line":97,"column":33}},"97":{"start":{"line":98,"column":0},"end":{"line":98,"column":21}},"98":{"start":{"line":99,"column":0},"end":{"line":99,"column":32}},"99":{"start":{"line":100,"column":0},"end":{"line":100,"column":14}},"100":{"start":{"line":101,"column":0},"end":{"line":101,"column":21}},"101":{"start":{"line":102,"column":0},"end":{"line":102,"column":21}},"102":{"start":{"line":103,"column":0},"end":{"line":103,"column":17}},"103":{"start":{"line":104,"column":0},"end":{"line":104,"column":36}},"104":{"start":{"line":105,"column":0},"end":{"line":105,"column":39}},"105":{"start":{"line":106,"column":0},"end":{"line":106,"column":140}},"106":{"start":{"line":107,"column":0},"end":{"line":107,"column":31}},"107":{"start":{"line":108,"column":0},"end":{"line":108,"column":45}},"108":{"start":{"line":109,"column":0},"end":{"line":109,"column":4}},"109":{"start":{"line":110,"column":0},"end":{"line":110,"column":3}},"110":{"start":{"line":111,"column":0},"end":{"line":111,"column":12}},"111":{"start":{"line":112,"column":0},"end":{"line":112,"column":33}},"112":{"start":{"line":113,"column":0},"end":{"line":113,"column":26}},"113":{"start":{"line":114,"column":0},"end":{"line":114,"column":32}},"114":{"start":{"line":115,"column":0},"end":{"line":115,"column":33}},"115":{"start":{"line":116,"column":0},"end":{"line":116,"column":22}},"116":{"start":{"line":117,"column":0},"end":{"line":117,"column":32}},"117":{"start":{"line":118,"column":0},"end":{"line":118,"column":37}},"118":{"start":{"line":119,"column":0},"end":{"line":119,"column":25}},"119":{"start":{"line":120,"column":0},"end":{"line":120,"column":21}},"120":{"start":{"line":121,"column":0},"end":{"line":121,"column":17}},"121":{"start":{"line":122,"column":0},"end":{"line":122,"column":18}},"122":{"start":{"line":123,"column":0},"end":{"line":123,"column":40}},"123":{"start":{"line":124,"column":0},"end":{"line":124,"column":125}},"124":{"start":{"line":125,"column":0},"end":{"line":125,"column":31}},"125":{"start":{"line":126,"column":0},"end":{"line":126,"column":45}},"126":{"start":{"line":127,"column":0},"end":{"line":127,"column":4}},"127":{"start":{"line":128,"column":0},"end":{"line":128,"column":3}},"128":{"start":{"line":129,"column":0},"end":{"line":129,"column":12}},"129":{"start":{"line":130,"column":0},"end":{"line":130,"column":31}},"130":{"start":{"line":131,"column":0},"end":{"line":131,"column":26}},"131":{"start":{"line":132,"column":0},"end":{"line":132,"column":32}},"132":{"start":{"line":133,"column":0},"end":{"line":133,"column":33}},"133":{"start":{"line":134,"column":0},"end":{"line":134,"column":21}},"134":{"start":{"line":135,"column":0},"end":{"line":135,"column":32}},"135":{"start":{"line":136,"column":0},"end":{"line":136,"column":34}},"136":{"start":{"line":137,"column":0},"end":{"line":137,"column":25}},"137":{"start":{"line":138,"column":0},"end":{"line":138,"column":21}},"138":{"start":{"line":139,"column":0},"end":{"line":139,"column":17}},"139":{"start":{"line":140,"column":0},"end":{"line":140,"column":36}},"140":{"start":{"line":141,"column":0},"end":{"line":141,"column":39}},"141":{"start":{"line":142,"column":0},"end":{"line":142,"column":136}},"142":{"start":{"line":143,"column":0},"end":{"line":143,"column":31}},"143":{"start":{"line":144,"column":0},"end":{"line":144,"column":45}},"144":{"start":{"line":145,"column":0},"end":{"line":145,"column":4}},"145":{"start":{"line":146,"column":0},"end":{"line":146,"column":2}}},"s":{"0":1,"58":1,"59":1,"60":1,"61":2,"62":2,"63":2,"64":2,"65":2,"66":2,"67":2,"68":2,"69":2,"70":19,"71":2,"72":1,"73":2,"74":1,"75":2,"76":16,"77":16,"78":16,"79":16,"80":16,"81":16,"82":16,"83":16,"84":2,"85":1,"89":1,"90":1,"91":1,"92":1,"93":1,"94":1,"95":1,"96":1,"97":1,"98":1,"99":1,"100":1,"101":1,"102":1,"103":1,"104":1,"105":1,"106":1,"107":1,"108":1,"109":1,"110":1,"111":1,"112":1,"113":1,"114":1,"115":1,"116":1,"117":1,"118":1,"119":1,"120":1,"121":1,"122":1,"123":1,"124":1,"125":1,"126":1,"127":1,"128":1,"129":1,"130":1,"131":1,"132":1,"133":1,"134":1,"135":1,"136":1,"137":1,"138":1,"139":1,"140":1,"141":1,"142":1,"143":1,"144":1,"145":1},"branchMap":{"0":{"type":"branch","line":61,"loc":{"start":{"line":61,"column":4},"end":{"line":85,"column":7}},"locations":[{"start":{"line":61,"column":4},"end":{"line":85,"column":7}}]},"1":{"type":"branch","line":68,"loc":{"start":{"line":68,"column":15},"end":{"line":68,"column":39}},"locations":[{"start":{"line":68,"column":15},"end":{"line":68,"column":39}}]},"2":{"type":"branch","line":69,"loc":{"start":{"line":69,"column":22},"end":{"line":69,"column":59}},"locations":[{"start":{"line":69,"column":22},"end":{"line":69,"column":59}}]},"3":{"type":"branch","line":70,"loc":{"start":{"line":70,"column":25},"end":{"line":71,"column":77}},"locations":[{"start":{"line":70,"column":25},"end":{"line":71,"column":77}}]},"4":{"type":"branch","line":71,"loc":{"start":{"line":71,"column":12},"end":{"line":71,"column":77}},"locations":[{"start":{"line":71,"column":12},"end":{"line":71,"column":77}}]},"5":{"type":"branch","line":72,"loc":{"start":{"line":72,"column":30},"end":{"line":73,"column":87}},"locations":[{"start":{"line":72,"column":30},"end":{"line":73,"column":87}}]},"6":{"type":"branch","line":73,"loc":{"start":{"line":73,"column":12},"end":{"line":73,"column":87}},"locations":[{"start":{"line":73,"column":12},"end":{"line":73,"column":87}}]},"7":{"type":"branch","line":74,"loc":{"start":{"line":74,"column":28},"end":{"line":75,"column":77}},"locations":[{"start":{"line":74,"column":28},"end":{"line":75,"column":77}}]},"8":{"type":"branch","line":75,"loc":{"start":{"line":75,"column":12},"end":{"line":75,"column":77}},"locations":[{"start":{"line":75,"column":12},"end":{"line":75,"column":77}}]},"9":{"type":"branch","line":76,"loc":{"start":{"line":76,"column":13},"end":{"line":84,"column":11}},"locations":[{"start":{"line":76,"column":13},"end":{"line":84,"column":11}}]}},"b":{"0":[2],"1":[4],"2":[2],"3":[19],"4":[19],"5":[1],"6":[1],"7":[1],"8":[1],"9":[16]},"fnMap":{"0":{"name":"__vite_ssr_import_0__.create.__vite_ssr_import_1__.persist.name","decl":{"start":{"line":61,"column":4},"end":{"line":85,"column":7}},"loc":{"start":{"line":61,"column":4},"end":{"line":85,"column":7}},"line":61},"1":{"name":"setRole","decl":{"start":{"line":68,"column":15},"end":{"line":68,"column":39}},"loc":{"start":{"line":68,"column":15},"end":{"line":68,"column":39}},"line":68},"2":{"name":"setCurrentStep","decl":{"start":{"line":69,"column":22},"end":{"line":69,"column":59}},"loc":{"start":{"line":69,"column":22},"end":{"line":69,"column":59}},"line":69},"3":{"name":"updatePatientData","decl":{"start":{"line":70,"column":25},"end":{"line":71,"column":77}},"loc":{"start":{"line":70,"column":25},"end":{"line":71,"column":77}},"line":70},"4":{"name":"updateProfessionalData","decl":{"start":{"line":72,"column":30},"end":{"line":73,"column":87}},"loc":{"start":{"line":72,"column":30},"end":{"line":73,"column":87}},"line":72},"5":{"name":"completeRegistration","decl":{"start":{"line":74,"column":28},"end":{"line":75,"column":77}},"loc":{"start":{"line":74,"column":28},"end":{"line":75,"column":77}},"line":74},"6":{"name":"reset","decl":{"start":{"line":76,"column":13},"end":{"line":84,"column":11}},"loc":{"start":{"line":76,"column":13},"end":{"line":84,"column":11}},"line":76}},"f":{"0":2,"1":4,"2":2,"3":19,"4":1,"5":1,"6":16}}
}
